ERROR - 2022-10-09 01:07:49 --> Error connecting to the database: mysqli_sql_exception: Access denied for user 'root'@'localhost' (using password: NO) in /Users/muiz_eddy/Documents/Mini_Project/login/vendor/codeigniter4/framework/system/Database/MySQLi/Connection.php:171
Stack trace:
#0 /Users/muiz_eddy/Documents/Mini_Project/login/vendor/codeigniter4/framework/system/Database/MySQLi/Connection.php(171): mysqli->real_connect('localhost', 'root', '', 'login', 3306, '', 0)
#1 /Users/muiz_eddy/Documents/Mini_Project/login/vendor/codeigniter4/framework/system/Database/BaseConnection.php(382): CodeIgniter\Database\MySQLi\Connection->connect(false)
#2 /Users/muiz_eddy/Documents/Mini_Project/login/vendor/codeigniter4/framework/system/Database/BaseConnection.php(588): CodeIgniter\Database\BaseConnection->initialize()
#3 /Users/muiz_eddy/Documents/Mini_Project/login/vendor/codeigniter4/framework/system/Database/BaseBuilder.php(1585): CodeIgniter\Database\BaseConnection->query('SELECT 1\nFROM `...', Array, false)
#4 /Users/muiz_eddy/Documents/Mini_Project/login/vendor/codeigniter4/framework/system/Validation/Rules.php(142): CodeIgniter\Database\BaseBuilder->get()
#5 /Users/muiz_eddy/Documents/Mini_Project/login/vendor/codeigniter4/framework/system/Validation/Validation.php(308): CodeIgniter\Validation\Rules->is_unique('muiz.eddy26@gma...', 'email', Array, NULL)
#6 /Users/muiz_eddy/Documents/Mini_Project/login/vendor/codeigniter4/framework/system/Validation/Validation.php(175): CodeIgniter\Validation\Validation->processRules('email', 'email', 'muiz.eddy26@gma...', Array, Array)
#7 /Users/muiz_eddy/Documents/Mini_Project/login/vendor/codeigniter4/framework/system/Controller.php(140): CodeIgniter\Validation\Validation->run()
#8 /Users/muiz_eddy/Documents/Mini_Project/login/app/Controllers/Reg.php(22): CodeIgniter\Controller->validate(Array)
#9 /Users/muiz_eddy/Documents/Mini_Project/login/vendor/codeigniter4/framework/system/CodeIgniter.php(904): App\Controllers\Reg->index()
#10 /Users/muiz_eddy/Documents/Mini_Project/login/vendor/codeigniter4/framework/system/CodeIgniter.php(457): CodeIgniter\CodeIgniter->runController(Object(App\Controllers\Reg))
#11 /Users/muiz_eddy/Documents/Mini_Project/login/vendor/codeigniter4/framework/system/CodeIgniter.php(340): CodeIgniter\CodeIgniter->handleRequest(NULL, Object(Config\Cache), false)
#12 /Users/muiz_eddy/Documents/Mini_Project/login/public/index.php(67): CodeIgniter\CodeIgniter->run()
#13 {main}

Next CodeIgniter\Database\Exceptions\DatabaseException: Access denied for user '****'@'localhost' (using password: NO) in /Users/muiz_eddy/Documents/Mini_Project/login/vendor/codeigniter4/framework/system/Database/MySQLi/Connection.php:215
Stack trace:
#0 /Users/muiz_eddy/Documents/Mini_Project/login/vendor/codeigniter4/framework/system/Database/BaseConnection.php(382): CodeIgniter\Database\MySQLi\Connection->connect(false)
#1 /Users/muiz_eddy/Documents/Mini_Project/login/vendor/codeigniter4/framework/system/Database/BaseConnection.php(588): CodeIgniter\Database\BaseConnection->initialize()
#2 /Users/muiz_eddy/Documents/Mini_Project/login/vendor/codeigniter4/framework/system/Database/BaseBuilder.php(1585): CodeIgniter\Database\BaseConnection->query('SELECT 1\nFROM `...', Array, false)
#3 /Users/muiz_eddy/Documents/Mini_Project/login/vendor/codeigniter4/framework/system/Validation/Rules.php(142): CodeIgniter\Database\BaseBuilder->get()
#4 /Users/muiz_eddy/Documents/Mini_Project/login/vendor/codeigniter4/framework/system/Validation/Validation.php(308): CodeIgniter\Validation\Rules->is_unique('muiz.eddy26@gma...', 'email', Array, NULL)
#5 /Users/muiz_eddy/Documents/Mini_Project/login/vendor/codeigniter4/framework/system/Validation/Validation.php(175): CodeIgniter\Validation\Validation->processRules('email', 'email', 'muiz.eddy26@gma...', Array, Array)
#6 /Users/muiz_eddy/Documents/Mini_Project/login/vendor/codeigniter4/framework/system/Controller.php(140): CodeIgniter\Validation\Validation->run()
#7 /Users/muiz_eddy/Documents/Mini_Project/login/app/Controllers/Reg.php(22): CodeIgniter\Controller->validate(Array)
#8 /Users/muiz_eddy/Documents/Mini_Project/login/vendor/codeigniter4/framework/system/CodeIgniter.php(904): App\Controllers\Reg->index()
#9 /Users/muiz_eddy/Documents/Mini_Project/login/vendor/codeigniter4/framework/system/CodeIgniter.php(457): CodeIgniter\CodeIgniter->runController(Object(App\Controllers\Reg))
#10 /Users/muiz_eddy/Documents/Mini_Project/login/vendor/codeigniter4/framework/system/CodeIgniter.php(340): CodeIgniter\CodeIgniter->handleRequest(NULL, Object(Config\Cache), false)
#11 /Users/muiz_eddy/Documents/Mini_Project/login/public/index.php(67): CodeIgniter\CodeIgniter->run()
#12 {main}
CRITICAL - 2022-10-09 01:07:49 --> Unable to connect to the database.
Main connection [MySQLi]: Access denied for user '****'@'localhost' (using password: NO)
in SYSTEMPATH/Database/BaseConnection.php on line 418.
 1 SYSTEMPATH/Database/BaseConnection.php(588): CodeIgniter\Database\BaseConnection->initialize()
 2 SYSTEMPATH/Database/BaseBuilder.php(1585): CodeIgniter\Database\BaseConnection->query('SELECT 1
FROM `users`
WHERE `email` = :email:
 LIMIT 1', [...], false)
 3 SYSTEMPATH/Validation/Rules.php(142): CodeIgniter\Database\BaseBuilder->get()
 4 SYSTEMPATH/Validation/Validation.php(308): CodeIgniter\Validation\Rules->is_unique('muiz.eddy26@gmail.com', 'email', [...], null)
 5 SYSTEMPATH/Validation/Validation.php(175): CodeIgniter\Validation\Validation->processRules('email', 'email', 'muiz.eddy26@gmail.com', [...], [...])
 6 SYSTEMPATH/Controller.php(140): CodeIgniter\Validation\Validation->run()
 7 APPPATH/Controllers/Reg.php(22): CodeIgniter\Controller->validate([...])
 8 SYSTEMPATH/CodeIgniter.php(904): App\Controllers\Reg->index()
 9 SYSTEMPATH/CodeIgniter.php(457): CodeIgniter\CodeIgniter->runController(Object(App\Controllers\Reg))
10 SYSTEMPATH/CodeIgniter.php(340): CodeIgniter\CodeIgniter->handleRequest(null, Object(Config\Cache), false)
11 FCPATH/index.php(67): CodeIgniter\CodeIgniter->run()
ERROR - 2022-10-09 01:34:17 --> Error connecting to the database: ErrorException: mysqli::real_connect(): Error while reading greeting packet. PID=13159 in /Users/muiz_eddy/Documents/Mini_Project/login/vendor/codeigniter4/framework/system/Database/MySQLi/Connection.php:171
Stack trace:
#0 [internal function]: CodeIgniter\Debug\Exceptions->errorHandler(2, 'mysqli::real_co...', '/Users/muiz_edd...', 171)
#1 /Users/muiz_eddy/Documents/Mini_Project/login/vendor/codeigniter4/framework/system/Database/MySQLi/Connection.php(171): mysqli->real_connect('localhost:8888', 'root', '', 'login', 3306, '', 0)
#2 /Users/muiz_eddy/Documents/Mini_Project/login/vendor/codeigniter4/framework/system/Database/BaseConnection.php(382): CodeIgniter\Database\MySQLi\Connection->connect(false)
#3 /Users/muiz_eddy/Documents/Mini_Project/login/vendor/codeigniter4/framework/system/Database/BaseConnection.php(588): CodeIgniter\Database\BaseConnection->initialize()
#4 /Users/muiz_eddy/Documents/Mini_Project/login/vendor/codeigniter4/framework/system/Database/BaseBuilder.php(1585): CodeIgniter\Database\BaseConnection->query('SELECT 1\nFROM `...', Array, false)
#5 /Users/muiz_eddy/Documents/Mini_Project/login/vendor/codeigniter4/framework/system/Validation/Rules.php(142): CodeIgniter\Database\BaseBuilder->get()
#6 /Users/muiz_eddy/Documents/Mini_Project/login/vendor/codeigniter4/framework/system/Validation/Validation.php(308): CodeIgniter\Validation\Rules->is_unique('muiz.eddy26@gma...', 'email', Array, NULL)
#7 /Users/muiz_eddy/Documents/Mini_Project/login/vendor/codeigniter4/framework/system/Validation/Validation.php(175): CodeIgniter\Validation\Validation->processRules('email', 'email', 'muiz.eddy26@gma...', Array, Array)
#8 /Users/muiz_eddy/Documents/Mini_Project/login/vendor/codeigniter4/framework/system/Controller.php(140): CodeIgniter\Validation\Validation->run()
#9 /Users/muiz_eddy/Documents/Mini_Project/login/app/Controllers/Reg.php(22): CodeIgniter\Controller->validate(Array)
#10 /Users/muiz_eddy/Documents/Mini_Project/login/vendor/codeigniter4/framework/system/CodeIgniter.php(904): App\Controllers\Reg->index()
#11 /Users/muiz_eddy/Documents/Mini_Project/login/vendor/codeigniter4/framework/system/CodeIgniter.php(457): CodeIgniter\CodeIgniter->runController(Object(App\Controllers\Reg))
#12 /Users/muiz_eddy/Documents/Mini_Project/login/vendor/codeigniter4/framework/system/CodeIgniter.php(340): CodeIgniter\CodeIgniter->handleRequest(NULL, Object(Config\Cache), false)
#13 /Users/muiz_eddy/Documents/Mini_Project/login/public/index.php(67): CodeIgniter\CodeIgniter->run()
#14 {main}

Next mysqli_sql_exception: MySQL server has gone away in /Users/muiz_eddy/Documents/Mini_Project/login/vendor/codeigniter4/framework/system/Database/MySQLi/Connection.php:171
Stack trace:
#0 /Users/muiz_eddy/Documents/Mini_Project/login/vendor/codeigniter4/framework/system/Database/MySQLi/Connection.php(171): mysqli->real_connect('localhost:8888', 'root', '', 'login', 3306, '', 0)
#1 /Users/muiz_eddy/Documents/Mini_Project/login/vendor/codeigniter4/framework/system/Database/BaseConnection.php(382): CodeIgniter\Database\MySQLi\Connection->connect(false)
#2 /Users/muiz_eddy/Documents/Mini_Project/login/vendor/codeigniter4/framework/system/Database/BaseConnection.php(588): CodeIgniter\Database\BaseConnection->initialize()
#3 /Users/muiz_eddy/Documents/Mini_Project/login/vendor/codeigniter4/framework/system/Database/BaseBuilder.php(1585): CodeIgniter\Database\BaseConnection->query('SELECT 1\nFROM `...', Array, false)
#4 /Users/muiz_eddy/Documents/Mini_Project/login/vendor/codeigniter4/framework/system/Validation/Rules.php(142): CodeIgniter\Database\BaseBuilder->get()
#5 /Users/muiz_eddy/Documents/Mini_Project/login/vendor/codeigniter4/framework/system/Validation/Validation.php(308): CodeIgniter\Validation\Rules->is_unique('muiz.eddy26@gma...', 'email', Array, NULL)
#6 /Users/muiz_eddy/Documents/Mini_Project/login/vendor/codeigniter4/framework/system/Validation/Validation.php(175): CodeIgniter\Validation\Validation->processRules('email', 'email', 'muiz.eddy26@gma...', Array, Array)
#7 /Users/muiz_eddy/Documents/Mini_Project/login/vendor/codeigniter4/framework/system/Controller.php(140): CodeIgniter\Validation\Validation->run()
#8 /Users/muiz_eddy/Documents/Mini_Project/login/app/Controllers/Reg.php(22): CodeIgniter\Controller->validate(Array)
#9 /Users/muiz_eddy/Documents/Mini_Project/login/vendor/codeigniter4/framework/system/CodeIgniter.php(904): App\Controllers\Reg->index()
#10 /Users/muiz_eddy/Documents/Mini_Project/login/vendor/codeigniter4/framework/system/CodeIgniter.php(457): CodeIgniter\CodeIgniter->runController(Object(App\Controllers\Reg))
#11 /Users/muiz_eddy/Documents/Mini_Project/login/vendor/codeigniter4/framework/system/CodeIgniter.php(340): CodeIgniter\CodeIgniter->handleRequest(NULL, Object(Config\Cache), false)
#12 /Users/muiz_eddy/Documents/Mini_Project/login/public/index.php(67): CodeIgniter\CodeIgniter->run()
#13 {main}

Next CodeIgniter\Database\Exceptions\DatabaseException: MySQL server has gone away in /Users/muiz_eddy/Documents/Mini_Project/login/vendor/codeigniter4/framework/system/Database/MySQLi/Connection.php:215
Stack trace:
#0 /Users/muiz_eddy/Documents/Mini_Project/login/vendor/codeigniter4/framework/system/Database/BaseConnection.php(382): CodeIgniter\Database\MySQLi\Connection->connect(false)
#1 /Users/muiz_eddy/Documents/Mini_Project/login/vendor/codeigniter4/framework/system/Database/BaseConnection.php(588): CodeIgniter\Database\BaseConnection->initialize()
#2 /Users/muiz_eddy/Documents/Mini_Project/login/vendor/codeigniter4/framework/system/Database/BaseBuilder.php(1585): CodeIgniter\Database\BaseConnection->query('SELECT 1\nFROM `...', Array, false)
#3 /Users/muiz_eddy/Documents/Mini_Project/login/vendor/codeigniter4/framework/system/Validation/Rules.php(142): CodeIgniter\Database\BaseBuilder->get()
#4 /Users/muiz_eddy/Documents/Mini_Project/login/vendor/codeigniter4/framework/system/Validation/Validation.php(308): CodeIgniter\Validation\Rules->is_unique('muiz.eddy26@gma...', 'email', Array, NULL)
#5 /Users/muiz_eddy/Documents/Mini_Project/login/vendor/codeigniter4/framework/system/Validation/Validation.php(175): CodeIgniter\Validation\Validation->processRules('email', 'email', 'muiz.eddy26@gma...', Array, Array)
#6 /Users/muiz_eddy/Documents/Mini_Project/login/vendor/codeigniter4/framework/system/Controller.php(140): CodeIgniter\Validation\Validation->run()
#7 /Users/muiz_eddy/Documents/Mini_Project/login/app/Controllers/Reg.php(22): CodeIgniter\Controller->validate(Array)
#8 /Users/muiz_eddy/Documents/Mini_Project/login/vendor/codeigniter4/framework/system/CodeIgniter.php(904): App\Controllers\Reg->index()
#9 /Users/muiz_eddy/Documents/Mini_Project/login/vendor/codeigniter4/framework/system/CodeIgniter.php(457): CodeIgniter\CodeIgniter->runController(Object(App\Controllers\Reg))
#10 /Users/muiz_eddy/Documents/Mini_Project/login/vendor/codeigniter4/framework/system/CodeIgniter.php(340): CodeIgniter\CodeIgniter->handleRequest(NULL, Object(Config\Cache), false)
#11 /Users/muiz_eddy/Documents/Mini_Project/login/public/index.php(67): CodeIgniter\CodeIgniter->run()
#12 {main}
CRITICAL - 2022-10-09 01:34:17 --> Unable to connect to the database.
Main connection [MySQLi]: MySQL server has gone away
in SYSTEMPATH/Database/BaseConnection.php on line 418.
 1 SYSTEMPATH/Database/BaseConnection.php(588): CodeIgniter\Database\BaseConnection->initialize()
 2 SYSTEMPATH/Database/BaseBuilder.php(1585): CodeIgniter\Database\BaseConnection->query('SELECT 1
FROM `users`
WHERE `email` = :email:
 LIMIT 1', [...], false)
 3 SYSTEMPATH/Validation/Rules.php(142): CodeIgniter\Database\BaseBuilder->get()
 4 SYSTEMPATH/Validation/Validation.php(308): CodeIgniter\Validation\Rules->is_unique('muiz.eddy26@gmail.com', 'email', [...], null)
 5 SYSTEMPATH/Validation/Validation.php(175): CodeIgniter\Validation\Validation->processRules('email', 'email', 'muiz.eddy26@gmail.com', [...], [...])
 6 SYSTEMPATH/Controller.php(140): CodeIgniter\Validation\Validation->run()
 7 APPPATH/Controllers/Reg.php(22): CodeIgniter\Controller->validate([...])
 8 SYSTEMPATH/CodeIgniter.php(904): App\Controllers\Reg->index()
 9 SYSTEMPATH/CodeIgniter.php(457): CodeIgniter\CodeIgniter->runController(Object(App\Controllers\Reg))
10 SYSTEMPATH/CodeIgniter.php(340): CodeIgniter\CodeIgniter->handleRequest(null, Object(Config\Cache), false)
11 FCPATH/index.php(67): CodeIgniter\CodeIgniter->run()
ERROR - 2022-10-09 01:39:14 --> Error connecting to the database: ErrorException: mysqli::real_connect(): Error while reading greeting packet. PID=13162 in /Users/muiz_eddy/Documents/Mini_Project/login/vendor/codeigniter4/framework/system/Database/MySQLi/Connection.php:171
Stack trace:
#0 [internal function]: CodeIgniter\Debug\Exceptions->errorHandler(2, 'mysqli::real_co...', '/Users/muiz_edd...', 171)
#1 /Users/muiz_eddy/Documents/Mini_Project/login/vendor/codeigniter4/framework/system/Database/MySQLi/Connection.php(171): mysqli->real_connect('localhost:8888', 'root', '', 'login', 3306, '', 0)
#2 /Users/muiz_eddy/Documents/Mini_Project/login/vendor/codeigniter4/framework/system/Database/BaseConnection.php(382): CodeIgniter\Database\MySQLi\Connection->connect(false)
#3 /Users/muiz_eddy/Documents/Mini_Project/login/vendor/codeigniter4/framework/system/Database/BaseConnection.php(588): CodeIgniter\Database\BaseConnection->initialize()
#4 /Users/muiz_eddy/Documents/Mini_Project/login/vendor/codeigniter4/framework/system/Database/BaseBuilder.php(1585): CodeIgniter\Database\BaseConnection->query('SELECT 1\nFROM `...', Array, false)
#5 /Users/muiz_eddy/Documents/Mini_Project/login/vendor/codeigniter4/framework/system/Validation/Rules.php(142): CodeIgniter\Database\BaseBuilder->get()
#6 /Users/muiz_eddy/Documents/Mini_Project/login/vendor/codeigniter4/framework/system/Validation/Validation.php(308): CodeIgniter\Validation\Rules->is_unique('muiz.eddy26@gma...', 'email', Array, NULL)
#7 /Users/muiz_eddy/Documents/Mini_Project/login/vendor/codeigniter4/framework/system/Validation/Validation.php(175): CodeIgniter\Validation\Validation->processRules('email', 'email', 'muiz.eddy26@gma...', Array, Array)
#8 /Users/muiz_eddy/Documents/Mini_Project/login/vendor/codeigniter4/framework/system/Controller.php(140): CodeIgniter\Validation\Validation->run()
#9 /Users/muiz_eddy/Documents/Mini_Project/login/app/Controllers/Reg.php(22): CodeIgniter\Controller->validate(Array)
#10 /Users/muiz_eddy/Documents/Mini_Project/login/vendor/codeigniter4/framework/system/CodeIgniter.php(904): App\Controllers\Reg->index()
#11 /Users/muiz_eddy/Documents/Mini_Project/login/vendor/codeigniter4/framework/system/CodeIgniter.php(457): CodeIgniter\CodeIgniter->runController(Object(App\Controllers\Reg))
#12 /Users/muiz_eddy/Documents/Mini_Project/login/vendor/codeigniter4/framework/system/CodeIgniter.php(340): CodeIgniter\CodeIgniter->handleRequest(NULL, Object(Config\Cache), false)
#13 /Users/muiz_eddy/Documents/Mini_Project/login/public/index.php(67): CodeIgniter\CodeIgniter->run()
#14 {main}

Next mysqli_sql_exception: MySQL server has gone away in /Users/muiz_eddy/Documents/Mini_Project/login/vendor/codeigniter4/framework/system/Database/MySQLi/Connection.php:171
Stack trace:
#0 /Users/muiz_eddy/Documents/Mini_Project/login/vendor/codeigniter4/framework/system/Database/MySQLi/Connection.php(171): mysqli->real_connect('localhost:8888', 'root', '', 'login', 3306, '', 0)
#1 /Users/muiz_eddy/Documents/Mini_Project/login/vendor/codeigniter4/framework/system/Database/BaseConnection.php(382): CodeIgniter\Database\MySQLi\Connection->connect(false)
#2 /Users/muiz_eddy/Documents/Mini_Project/login/vendor/codeigniter4/framework/system/Database/BaseConnection.php(588): CodeIgniter\Database\BaseConnection->initialize()
#3 /Users/muiz_eddy/Documents/Mini_Project/login/vendor/codeigniter4/framework/system/Database/BaseBuilder.php(1585): CodeIgniter\Database\BaseConnection->query('SELECT 1\nFROM `...', Array, false)
#4 /Users/muiz_eddy/Documents/Mini_Project/login/vendor/codeigniter4/framework/system/Validation/Rules.php(142): CodeIgniter\Database\BaseBuilder->get()
#5 /Users/muiz_eddy/Documents/Mini_Project/login/vendor/codeigniter4/framework/system/Validation/Validation.php(308): CodeIgniter\Validation\Rules->is_unique('muiz.eddy26@gma...', 'email', Array, NULL)
#6 /Users/muiz_eddy/Documents/Mini_Project/login/vendor/codeigniter4/framework/system/Validation/Validation.php(175): CodeIgniter\Validation\Validation->processRules('email', 'email', 'muiz.eddy26@gma...', Array, Array)
#7 /Users/muiz_eddy/Documents/Mini_Project/login/vendor/codeigniter4/framework/system/Controller.php(140): CodeIgniter\Validation\Validation->run()
#8 /Users/muiz_eddy/Documents/Mini_Project/login/app/Controllers/Reg.php(22): CodeIgniter\Controller->validate(Array)
#9 /Users/muiz_eddy/Documents/Mini_Project/login/vendor/codeigniter4/framework/system/CodeIgniter.php(904): App\Controllers\Reg->index()
#10 /Users/muiz_eddy/Documents/Mini_Project/login/vendor/codeigniter4/framework/system/CodeIgniter.php(457): CodeIgniter\CodeIgniter->runController(Object(App\Controllers\Reg))
#11 /Users/muiz_eddy/Documents/Mini_Project/login/vendor/codeigniter4/framework/system/CodeIgniter.php(340): CodeIgniter\CodeIgniter->handleRequest(NULL, Object(Config\Cache), false)
#12 /Users/muiz_eddy/Documents/Mini_Project/login/public/index.php(67): CodeIgniter\CodeIgniter->run()
#13 {main}

Next CodeIgniter\Database\Exceptions\DatabaseException: MySQL server has gone away in /Users/muiz_eddy/Documents/Mini_Project/login/vendor/codeigniter4/framework/system/Database/MySQLi/Connection.php:215
Stack trace:
#0 /Users/muiz_eddy/Documents/Mini_Project/login/vendor/codeigniter4/framework/system/Database/BaseConnection.php(382): CodeIgniter\Database\MySQLi\Connection->connect(false)
#1 /Users/muiz_eddy/Documents/Mini_Project/login/vendor/codeigniter4/framework/system/Database/BaseConnection.php(588): CodeIgniter\Database\BaseConnection->initialize()
#2 /Users/muiz_eddy/Documents/Mini_Project/login/vendor/codeigniter4/framework/system/Database/BaseBuilder.php(1585): CodeIgniter\Database\BaseConnection->query('SELECT 1\nFROM `...', Array, false)
#3 /Users/muiz_eddy/Documents/Mini_Project/login/vendor/codeigniter4/framework/system/Validation/Rules.php(142): CodeIgniter\Database\BaseBuilder->get()
#4 /Users/muiz_eddy/Documents/Mini_Project/login/vendor/codeigniter4/framework/system/Validation/Validation.php(308): CodeIgniter\Validation\Rules->is_unique('muiz.eddy26@gma...', 'email', Array, NULL)
#5 /Users/muiz_eddy/Documents/Mini_Project/login/vendor/codeigniter4/framework/system/Validation/Validation.php(175): CodeIgniter\Validation\Validation->processRules('email', 'email', 'muiz.eddy26@gma...', Array, Array)
#6 /Users/muiz_eddy/Documents/Mini_Project/login/vendor/codeigniter4/framework/system/Controller.php(140): CodeIgniter\Validation\Validation->run()
#7 /Users/muiz_eddy/Documents/Mini_Project/login/app/Controllers/Reg.php(22): CodeIgniter\Controller->validate(Array)
#8 /Users/muiz_eddy/Documents/Mini_Project/login/vendor/codeigniter4/framework/system/CodeIgniter.php(904): App\Controllers\Reg->index()
#9 /Users/muiz_eddy/Documents/Mini_Project/login/vendor/codeigniter4/framework/system/CodeIgniter.php(457): CodeIgniter\CodeIgniter->runController(Object(App\Controllers\Reg))
#10 /Users/muiz_eddy/Documents/Mini_Project/login/vendor/codeigniter4/framework/system/CodeIgniter.php(340): CodeIgniter\CodeIgniter->handleRequest(NULL, Object(Config\Cache), false)
#11 /Users/muiz_eddy/Documents/Mini_Project/login/public/index.php(67): CodeIgniter\CodeIgniter->run()
#12 {main}
CRITICAL - 2022-10-09 01:39:14 --> Unable to connect to the database.
Main connection [MySQLi]: MySQL server has gone away
in SYSTEMPATH/Database/BaseConnection.php on line 418.
 1 SYSTEMPATH/Database/BaseConnection.php(588): CodeIgniter\Database\BaseConnection->initialize()
 2 SYSTEMPATH/Database/BaseBuilder.php(1585): CodeIgniter\Database\BaseConnection->query('SELECT 1
FROM `users`
WHERE `email` = :email:
 LIMIT 1', [...], false)
 3 SYSTEMPATH/Validation/Rules.php(142): CodeIgniter\Database\BaseBuilder->get()
 4 SYSTEMPATH/Validation/Validation.php(308): CodeIgniter\Validation\Rules->is_unique('muiz.eddy26@gmail.com', 'email', [...], null)
 5 SYSTEMPATH/Validation/Validation.php(175): CodeIgniter\Validation\Validation->processRules('email', 'email', 'muiz.eddy26@gmail.com', [...], [...])
 6 SYSTEMPATH/Controller.php(140): CodeIgniter\Validation\Validation->run()
 7 APPPATH/Controllers/Reg.php(22): CodeIgniter\Controller->validate([...])
 8 SYSTEMPATH/CodeIgniter.php(904): App\Controllers\Reg->index()
 9 SYSTEMPATH/CodeIgniter.php(457): CodeIgniter\CodeIgniter->runController(Object(App\Controllers\Reg))
10 SYSTEMPATH/CodeIgniter.php(340): CodeIgniter\CodeIgniter->handleRequest(null, Object(Config\Cache), false)
11 FCPATH/index.php(67): CodeIgniter\CodeIgniter->run()
ERROR - 2022-10-09 01:44:42 --> Error connecting to the database: mysqli_sql_exception: Access denied for user 'root'@'localhost' (using password: NO) in /Users/muiz_eddy/Documents/Mini_Project/login/vendor/codeigniter4/framework/system/Database/MySQLi/Connection.php:171
Stack trace:
#0 /Users/muiz_eddy/Documents/Mini_Project/login/vendor/codeigniter4/framework/system/Database/MySQLi/Connection.php(171): mysqli->real_connect('localhost:8889', 'root', '', 'login', 3306, '', 0)
#1 /Users/muiz_eddy/Documents/Mini_Project/login/vendor/codeigniter4/framework/system/Database/BaseConnection.php(382): CodeIgniter\Database\MySQLi\Connection->connect(false)
#2 /Users/muiz_eddy/Documents/Mini_Project/login/vendor/codeigniter4/framework/system/Database/BaseConnection.php(588): CodeIgniter\Database\BaseConnection->initialize()
#3 /Users/muiz_eddy/Documents/Mini_Project/login/vendor/codeigniter4/framework/system/Database/BaseBuilder.php(1585): CodeIgniter\Database\BaseConnection->query('SELECT 1\nFROM `...', Array, false)
#4 /Users/muiz_eddy/Documents/Mini_Project/login/vendor/codeigniter4/framework/system/Validation/Rules.php(142): CodeIgniter\Database\BaseBuilder->get()
#5 /Users/muiz_eddy/Documents/Mini_Project/login/vendor/codeigniter4/framework/system/Validation/Validation.php(308): CodeIgniter\Validation\Rules->is_unique('muiz.eddy26@gma...', 'email', Array, NULL)
#6 /Users/muiz_eddy/Documents/Mini_Project/login/vendor/codeigniter4/framework/system/Validation/Validation.php(175): CodeIgniter\Validation\Validation->processRules('email', 'email', 'muiz.eddy26@gma...', Array, Array)
#7 /Users/muiz_eddy/Documents/Mini_Project/login/vendor/codeigniter4/framework/system/Controller.php(140): CodeIgniter\Validation\Validation->run()
#8 /Users/muiz_eddy/Documents/Mini_Project/login/app/Controllers/Reg.php(22): CodeIgniter\Controller->validate(Array)
#9 /Users/muiz_eddy/Documents/Mini_Project/login/vendor/codeigniter4/framework/system/CodeIgniter.php(904): App\Controllers\Reg->index()
#10 /Users/muiz_eddy/Documents/Mini_Project/login/vendor/codeigniter4/framework/system/CodeIgniter.php(457): CodeIgniter\CodeIgniter->runController(Object(App\Controllers\Reg))
#11 /Users/muiz_eddy/Documents/Mini_Project/login/vendor/codeigniter4/framework/system/CodeIgniter.php(340): CodeIgniter\CodeIgniter->handleRequest(NULL, Object(Config\Cache), false)
#12 /Users/muiz_eddy/Documents/Mini_Project/login/public/index.php(67): CodeIgniter\CodeIgniter->run()
#13 {main}

Next CodeIgniter\Database\Exceptions\DatabaseException: Access denied for user '****'@'localhost' (using password: NO) in /Users/muiz_eddy/Documents/Mini_Project/login/vendor/codeigniter4/framework/system/Database/MySQLi/Connection.php:215
Stack trace:
#0 /Users/muiz_eddy/Documents/Mini_Project/login/vendor/codeigniter4/framework/system/Database/BaseConnection.php(382): CodeIgniter\Database\MySQLi\Connection->connect(false)
#1 /Users/muiz_eddy/Documents/Mini_Project/login/vendor/codeigniter4/framework/system/Database/BaseConnection.php(588): CodeIgniter\Database\BaseConnection->initialize()
#2 /Users/muiz_eddy/Documents/Mini_Project/login/vendor/codeigniter4/framework/system/Database/BaseBuilder.php(1585): CodeIgniter\Database\BaseConnection->query('SELECT 1\nFROM `...', Array, false)
#3 /Users/muiz_eddy/Documents/Mini_Project/login/vendor/codeigniter4/framework/system/Validation/Rules.php(142): CodeIgniter\Database\BaseBuilder->get()
#4 /Users/muiz_eddy/Documents/Mini_Project/login/vendor/codeigniter4/framework/system/Validation/Validation.php(308): CodeIgniter\Validation\Rules->is_unique('muiz.eddy26@gma...', 'email', Array, NULL)
#5 /Users/muiz_eddy/Documents/Mini_Project/login/vendor/codeigniter4/framework/system/Validation/Validation.php(175): CodeIgniter\Validation\Validation->processRules('email', 'email', 'muiz.eddy26@gma...', Array, Array)
#6 /Users/muiz_eddy/Documents/Mini_Project/login/vendor/codeigniter4/framework/system/Controller.php(140): CodeIgniter\Validation\Validation->run()
#7 /Users/muiz_eddy/Documents/Mini_Project/login/app/Controllers/Reg.php(22): CodeIgniter\Controller->validate(Array)
#8 /Users/muiz_eddy/Documents/Mini_Project/login/vendor/codeigniter4/framework/system/CodeIgniter.php(904): App\Controllers\Reg->index()
#9 /Users/muiz_eddy/Documents/Mini_Project/login/vendor/codeigniter4/framework/system/CodeIgniter.php(457): CodeIgniter\CodeIgniter->runController(Object(App\Controllers\Reg))
#10 /Users/muiz_eddy/Documents/Mini_Project/login/vendor/codeigniter4/framework/system/CodeIgniter.php(340): CodeIgniter\CodeIgniter->handleRequest(NULL, Object(Config\Cache), false)
#11 /Users/muiz_eddy/Documents/Mini_Project/login/public/index.php(67): CodeIgniter\CodeIgniter->run()
#12 {main}
CRITICAL - 2022-10-09 01:44:42 --> Unable to connect to the database.
Main connection [MySQLi]: Access denied for user '****'@'localhost' (using password: NO)
in SYSTEMPATH/Database/BaseConnection.php on line 418.
 1 SYSTEMPATH/Database/BaseConnection.php(588): CodeIgniter\Database\BaseConnection->initialize()
 2 SYSTEMPATH/Database/BaseBuilder.php(1585): CodeIgniter\Database\BaseConnection->query('SELECT 1
FROM `users`
WHERE `email` = :email:
 LIMIT 1', [...], false)
 3 SYSTEMPATH/Validation/Rules.php(142): CodeIgniter\Database\BaseBuilder->get()
 4 SYSTEMPATH/Validation/Validation.php(308): CodeIgniter\Validation\Rules->is_unique('muiz.eddy26@gmail.com', 'email', [...], null)
 5 SYSTEMPATH/Validation/Validation.php(175): CodeIgniter\Validation\Validation->processRules('email', 'email', 'muiz.eddy26@gmail.com', [...], [...])
 6 SYSTEMPATH/Controller.php(140): CodeIgniter\Validation\Validation->run()
 7 APPPATH/Controllers/Reg.php(22): CodeIgniter\Controller->validate([...])
 8 SYSTEMPATH/CodeIgniter.php(904): App\Controllers\Reg->index()
 9 SYSTEMPATH/CodeIgniter.php(457): CodeIgniter\CodeIgniter->runController(Object(App\Controllers\Reg))
10 SYSTEMPATH/CodeIgniter.php(340): CodeIgniter\CodeIgniter->handleRequest(null, Object(Config\Cache), false)
11 FCPATH/index.php(67): CodeIgniter\CodeIgniter->run()
ERROR - 2022-10-09 01:45:23 --> Error connecting to the database: ErrorException: mysqli::real_connect(): Error while reading greeting packet. PID=13161 in /Users/muiz_eddy/Documents/Mini_Project/login/vendor/codeigniter4/framework/system/Database/MySQLi/Connection.php:171
Stack trace:
#0 [internal function]: CodeIgniter\Debug\Exceptions->errorHandler(2, 'mysqli::real_co...', '/Users/muiz_edd...', 171)
#1 /Users/muiz_eddy/Documents/Mini_Project/login/vendor/codeigniter4/framework/system/Database/MySQLi/Connection.php(171): mysqli->real_connect('localhost:8888', 'root', '', 'login', 3306, '', 0)
#2 /Users/muiz_eddy/Documents/Mini_Project/login/vendor/codeigniter4/framework/system/Database/BaseConnection.php(382): CodeIgniter\Database\MySQLi\Connection->connect(false)
#3 /Users/muiz_eddy/Documents/Mini_Project/login/vendor/codeigniter4/framework/system/Database/BaseConnection.php(588): CodeIgniter\Database\BaseConnection->initialize()
#4 /Users/muiz_eddy/Documents/Mini_Project/login/vendor/codeigniter4/framework/system/Database/BaseBuilder.php(1585): CodeIgniter\Database\BaseConnection->query('SELECT 1\nFROM `...', Array, false)
#5 /Users/muiz_eddy/Documents/Mini_Project/login/vendor/codeigniter4/framework/system/Validation/Rules.php(142): CodeIgniter\Database\BaseBuilder->get()
#6 /Users/muiz_eddy/Documents/Mini_Project/login/vendor/codeigniter4/framework/system/Validation/Validation.php(308): CodeIgniter\Validation\Rules->is_unique('muiz.eddy26@gma...', 'email', Array, NULL)
#7 /Users/muiz_eddy/Documents/Mini_Project/login/vendor/codeigniter4/framework/system/Validation/Validation.php(175): CodeIgniter\Validation\Validation->processRules('email', 'email', 'muiz.eddy26@gma...', Array, Array)
#8 /Users/muiz_eddy/Documents/Mini_Project/login/vendor/codeigniter4/framework/system/Controller.php(140): CodeIgniter\Validation\Validation->run()
#9 /Users/muiz_eddy/Documents/Mini_Project/login/app/Controllers/Reg.php(22): CodeIgniter\Controller->validate(Array)
#10 /Users/muiz_eddy/Documents/Mini_Project/login/vendor/codeigniter4/framework/system/CodeIgniter.php(904): App\Controllers\Reg->index()
#11 /Users/muiz_eddy/Documents/Mini_Project/login/vendor/codeigniter4/framework/system/CodeIgniter.php(457): CodeIgniter\CodeIgniter->runController(Object(App\Controllers\Reg))
#12 /Users/muiz_eddy/Documents/Mini_Project/login/vendor/codeigniter4/framework/system/CodeIgniter.php(340): CodeIgniter\CodeIgniter->handleRequest(NULL, Object(Config\Cache), false)
#13 /Users/muiz_eddy/Documents/Mini_Project/login/public/index.php(67): CodeIgniter\CodeIgniter->run()
#14 {main}

Next mysqli_sql_exception: MySQL server has gone away in /Users/muiz_eddy/Documents/Mini_Project/login/vendor/codeigniter4/framework/system/Database/MySQLi/Connection.php:171
Stack trace:
#0 /Users/muiz_eddy/Documents/Mini_Project/login/vendor/codeigniter4/framework/system/Database/MySQLi/Connection.php(171): mysqli->real_connect('localhost:8888', 'root', '', 'login', 3306, '', 0)
#1 /Users/muiz_eddy/Documents/Mini_Project/login/vendor/codeigniter4/framework/system/Database/BaseConnection.php(382): CodeIgniter\Database\MySQLi\Connection->connect(false)
#2 /Users/muiz_eddy/Documents/Mini_Project/login/vendor/codeigniter4/framework/system/Database/BaseConnection.php(588): CodeIgniter\Database\BaseConnection->initialize()
#3 /Users/muiz_eddy/Documents/Mini_Project/login/vendor/codeigniter4/framework/system/Database/BaseBuilder.php(1585): CodeIgniter\Database\BaseConnection->query('SELECT 1\nFROM `...', Array, false)
#4 /Users/muiz_eddy/Documents/Mini_Project/login/vendor/codeigniter4/framework/system/Validation/Rules.php(142): CodeIgniter\Database\BaseBuilder->get()
#5 /Users/muiz_eddy/Documents/Mini_Project/login/vendor/codeigniter4/framework/system/Validation/Validation.php(308): CodeIgniter\Validation\Rules->is_unique('muiz.eddy26@gma...', 'email', Array, NULL)
#6 /Users/muiz_eddy/Documents/Mini_Project/login/vendor/codeigniter4/framework/system/Validation/Validation.php(175): CodeIgniter\Validation\Validation->processRules('email', 'email', 'muiz.eddy26@gma...', Array, Array)
#7 /Users/muiz_eddy/Documents/Mini_Project/login/vendor/codeigniter4/framework/system/Controller.php(140): CodeIgniter\Validation\Validation->run()
#8 /Users/muiz_eddy/Documents/Mini_Project/login/app/Controllers/Reg.php(22): CodeIgniter\Controller->validate(Array)
#9 /Users/muiz_eddy/Documents/Mini_Project/login/vendor/codeigniter4/framework/system/CodeIgniter.php(904): App\Controllers\Reg->index()
#10 /Users/muiz_eddy/Documents/Mini_Project/login/vendor/codeigniter4/framework/system/CodeIgniter.php(457): CodeIgniter\CodeIgniter->runController(Object(App\Controllers\Reg))
#11 /Users/muiz_eddy/Documents/Mini_Project/login/vendor/codeigniter4/framework/system/CodeIgniter.php(340): CodeIgniter\CodeIgniter->handleRequest(NULL, Object(Config\Cache), false)
#12 /Users/muiz_eddy/Documents/Mini_Project/login/public/index.php(67): CodeIgniter\CodeIgniter->run()
#13 {main}

Next CodeIgniter\Database\Exceptions\DatabaseException: MySQL server has gone away in /Users/muiz_eddy/Documents/Mini_Project/login/vendor/codeigniter4/framework/system/Database/MySQLi/Connection.php:215
Stack trace:
#0 /Users/muiz_eddy/Documents/Mini_Project/login/vendor/codeigniter4/framework/system/Database/BaseConnection.php(382): CodeIgniter\Database\MySQLi\Connection->connect(false)
#1 /Users/muiz_eddy/Documents/Mini_Project/login/vendor/codeigniter4/framework/system/Database/BaseConnection.php(588): CodeIgniter\Database\BaseConnection->initialize()
#2 /Users/muiz_eddy/Documents/Mini_Project/login/vendor/codeigniter4/framework/system/Database/BaseBuilder.php(1585): CodeIgniter\Database\BaseConnection->query('SELECT 1\nFROM `...', Array, false)
#3 /Users/muiz_eddy/Documents/Mini_Project/login/vendor/codeigniter4/framework/system/Validation/Rules.php(142): CodeIgniter\Database\BaseBuilder->get()
#4 /Users/muiz_eddy/Documents/Mini_Project/login/vendor/codeigniter4/framework/system/Validation/Validation.php(308): CodeIgniter\Validation\Rules->is_unique('muiz.eddy26@gma...', 'email', Array, NULL)
#5 /Users/muiz_eddy/Documents/Mini_Project/login/vendor/codeigniter4/framework/system/Validation/Validation.php(175): CodeIgniter\Validation\Validation->processRules('email', 'email', 'muiz.eddy26@gma...', Array, Array)
#6 /Users/muiz_eddy/Documents/Mini_Project/login/vendor/codeigniter4/framework/system/Controller.php(140): CodeIgniter\Validation\Validation->run()
#7 /Users/muiz_eddy/Documents/Mini_Project/login/app/Controllers/Reg.php(22): CodeIgniter\Controller->validate(Array)
#8 /Users/muiz_eddy/Documents/Mini_Project/login/vendor/codeigniter4/framework/system/CodeIgniter.php(904): App\Controllers\Reg->index()
#9 /Users/muiz_eddy/Documents/Mini_Project/login/vendor/codeigniter4/framework/system/CodeIgniter.php(457): CodeIgniter\CodeIgniter->runController(Object(App\Controllers\Reg))
#10 /Users/muiz_eddy/Documents/Mini_Project/login/vendor/codeigniter4/framework/system/CodeIgniter.php(340): CodeIgniter\CodeIgniter->handleRequest(NULL, Object(Config\Cache), false)
#11 /Users/muiz_eddy/Documents/Mini_Project/login/public/index.php(67): CodeIgniter\CodeIgniter->run()
#12 {main}
CRITICAL - 2022-10-09 01:45:23 --> Unable to connect to the database.
Main connection [MySQLi]: MySQL server has gone away
in SYSTEMPATH/Database/BaseConnection.php on line 418.
 1 SYSTEMPATH/Database/BaseConnection.php(588): CodeIgniter\Database\BaseConnection->initialize()
 2 SYSTEMPATH/Database/BaseBuilder.php(1585): CodeIgniter\Database\BaseConnection->query('SELECT 1
FROM `users`
WHERE `email` = :email:
 LIMIT 1', [...], false)
 3 SYSTEMPATH/Validation/Rules.php(142): CodeIgniter\Database\BaseBuilder->get()
 4 SYSTEMPATH/Validation/Validation.php(308): CodeIgniter\Validation\Rules->is_unique('muiz.eddy26@gmail.com', 'email', [...], null)
 5 SYSTEMPATH/Validation/Validation.php(175): CodeIgniter\Validation\Validation->processRules('email', 'email', 'muiz.eddy26@gmail.com', [...], [...])
 6 SYSTEMPATH/Controller.php(140): CodeIgniter\Validation\Validation->run()
 7 APPPATH/Controllers/Reg.php(22): CodeIgniter\Controller->validate([...])
 8 SYSTEMPATH/CodeIgniter.php(904): App\Controllers\Reg->index()
 9 SYSTEMPATH/CodeIgniter.php(457): CodeIgniter\CodeIgniter->runController(Object(App\Controllers\Reg))
10 SYSTEMPATH/CodeIgniter.php(340): CodeIgniter\CodeIgniter->handleRequest(null, Object(Config\Cache), false)
11 FCPATH/index.php(67): CodeIgniter\CodeIgniter->run()
ERROR - 2022-10-09 01:46:11 --> Error connecting to the database: mysqli_sql_exception: Connection refused in /Users/muiz_eddy/Documents/Mini_Project/login/vendor/codeigniter4/framework/system/Database/MySQLi/Connection.php:171
Stack trace:
#0 /Users/muiz_eddy/Documents/Mini_Project/login/vendor/codeigniter4/framework/system/Database/MySQLi/Connection.php(171): mysqli->real_connect('127.0.0.1', 'root', '', 'login', 3306, '', 0)
#1 /Users/muiz_eddy/Documents/Mini_Project/login/vendor/codeigniter4/framework/system/Database/BaseConnection.php(382): CodeIgniter\Database\MySQLi\Connection->connect(false)
#2 /Users/muiz_eddy/Documents/Mini_Project/login/vendor/codeigniter4/framework/system/Database/BaseConnection.php(588): CodeIgniter\Database\BaseConnection->initialize()
#3 /Users/muiz_eddy/Documents/Mini_Project/login/vendor/codeigniter4/framework/system/Database/BaseBuilder.php(1585): CodeIgniter\Database\BaseConnection->query('SELECT 1\nFROM `...', Array, false)
#4 /Users/muiz_eddy/Documents/Mini_Project/login/vendor/codeigniter4/framework/system/Validation/Rules.php(142): CodeIgniter\Database\BaseBuilder->get()
#5 /Users/muiz_eddy/Documents/Mini_Project/login/vendor/codeigniter4/framework/system/Validation/Validation.php(308): CodeIgniter\Validation\Rules->is_unique('muiz.eddy26@gma...', 'email', Array, NULL)
#6 /Users/muiz_eddy/Documents/Mini_Project/login/vendor/codeigniter4/framework/system/Validation/Validation.php(175): CodeIgniter\Validation\Validation->processRules('email', 'email', 'muiz.eddy26@gma...', Array, Array)
#7 /Users/muiz_eddy/Documents/Mini_Project/login/vendor/codeigniter4/framework/system/Controller.php(140): CodeIgniter\Validation\Validation->run()
#8 /Users/muiz_eddy/Documents/Mini_Project/login/app/Controllers/Reg.php(22): CodeIgniter\Controller->validate(Array)
#9 /Users/muiz_eddy/Documents/Mini_Project/login/vendor/codeigniter4/framework/system/CodeIgniter.php(904): App\Controllers\Reg->index()
#10 /Users/muiz_eddy/Documents/Mini_Project/login/vendor/codeigniter4/framework/system/CodeIgniter.php(457): CodeIgniter\CodeIgniter->runController(Object(App\Controllers\Reg))
#11 /Users/muiz_eddy/Documents/Mini_Project/login/vendor/codeigniter4/framework/system/CodeIgniter.php(340): CodeIgniter\CodeIgniter->handleRequest(NULL, Object(Config\Cache), false)
#12 /Users/muiz_eddy/Documents/Mini_Project/login/public/index.php(67): CodeIgniter\CodeIgniter->run()
#13 {main}

Next CodeIgniter\Database\Exceptions\DatabaseException: Connection refused in /Users/muiz_eddy/Documents/Mini_Project/login/vendor/codeigniter4/framework/system/Database/MySQLi/Connection.php:215
Stack trace:
#0 /Users/muiz_eddy/Documents/Mini_Project/login/vendor/codeigniter4/framework/system/Database/BaseConnection.php(382): CodeIgniter\Database\MySQLi\Connection->connect(false)
#1 /Users/muiz_eddy/Documents/Mini_Project/login/vendor/codeigniter4/framework/system/Database/BaseConnection.php(588): CodeIgniter\Database\BaseConnection->initialize()
#2 /Users/muiz_eddy/Documents/Mini_Project/login/vendor/codeigniter4/framework/system/Database/BaseBuilder.php(1585): CodeIgniter\Database\BaseConnection->query('SELECT 1\nFROM `...', Array, false)
#3 /Users/muiz_eddy/Documents/Mini_Project/login/vendor/codeigniter4/framework/system/Validation/Rules.php(142): CodeIgniter\Database\BaseBuilder->get()
#4 /Users/muiz_eddy/Documents/Mini_Project/login/vendor/codeigniter4/framework/system/Validation/Validation.php(308): CodeIgniter\Validation\Rules->is_unique('muiz.eddy26@gma...', 'email', Array, NULL)
#5 /Users/muiz_eddy/Documents/Mini_Project/login/vendor/codeigniter4/framework/system/Validation/Validation.php(175): CodeIgniter\Validation\Validation->processRules('email', 'email', 'muiz.eddy26@gma...', Array, Array)
#6 /Users/muiz_eddy/Documents/Mini_Project/login/vendor/codeigniter4/framework/system/Controller.php(140): CodeIgniter\Validation\Validation->run()
#7 /Users/muiz_eddy/Documents/Mini_Project/login/app/Controllers/Reg.php(22): CodeIgniter\Controller->validate(Array)
#8 /Users/muiz_eddy/Documents/Mini_Project/login/vendor/codeigniter4/framework/system/CodeIgniter.php(904): App\Controllers\Reg->index()
#9 /Users/muiz_eddy/Documents/Mini_Project/login/vendor/codeigniter4/framework/system/CodeIgniter.php(457): CodeIgniter\CodeIgniter->runController(Object(App\Controllers\Reg))
#10 /Users/muiz_eddy/Documents/Mini_Project/login/vendor/codeigniter4/framework/system/CodeIgniter.php(340): CodeIgniter\CodeIgniter->handleRequest(NULL, Object(Config\Cache), false)
#11 /Users/muiz_eddy/Documents/Mini_Project/login/public/index.php(67): CodeIgniter\CodeIgniter->run()
#12 {main}
CRITICAL - 2022-10-09 01:46:11 --> Unable to connect to the database.
Main connection [MySQLi]: Connection refused
in SYSTEMPATH/Database/BaseConnection.php on line 418.
 1 SYSTEMPATH/Database/BaseConnection.php(588): CodeIgniter\Database\BaseConnection->initialize()
 2 SYSTEMPATH/Database/BaseBuilder.php(1585): CodeIgniter\Database\BaseConnection->query('SELECT 1
FROM `users`
WHERE `email` = :email:
 LIMIT 1', [...], false)
 3 SYSTEMPATH/Validation/Rules.php(142): CodeIgniter\Database\BaseBuilder->get()
 4 SYSTEMPATH/Validation/Validation.php(308): CodeIgniter\Validation\Rules->is_unique('muiz.eddy26@gmail.com', 'email', [...], null)
 5 SYSTEMPATH/Validation/Validation.php(175): CodeIgniter\Validation\Validation->processRules('email', 'email', 'muiz.eddy26@gmail.com', [...], [...])
 6 SYSTEMPATH/Controller.php(140): CodeIgniter\Validation\Validation->run()
 7 APPPATH/Controllers/Reg.php(22): CodeIgniter\Controller->validate([...])
 8 SYSTEMPATH/CodeIgniter.php(904): App\Controllers\Reg->index()
 9 SYSTEMPATH/CodeIgniter.php(457): CodeIgniter\CodeIgniter->runController(Object(App\Controllers\Reg))
10 SYSTEMPATH/CodeIgniter.php(340): CodeIgniter\CodeIgniter->handleRequest(null, Object(Config\Cache), false)
11 FCPATH/index.php(67): CodeIgniter\CodeIgniter->run()
ERROR - 2022-10-09 01:46:15 --> Error connecting to the database: mysqli_sql_exception: Connection refused in /Users/muiz_eddy/Documents/Mini_Project/login/vendor/codeigniter4/framework/system/Database/MySQLi/Connection.php:171
Stack trace:
#0 /Users/muiz_eddy/Documents/Mini_Project/login/vendor/codeigniter4/framework/system/Database/MySQLi/Connection.php(171): mysqli->real_connect('127.0.0.1', 'root', '', 'login', 3306, '', 0)
#1 /Users/muiz_eddy/Documents/Mini_Project/login/vendor/codeigniter4/framework/system/Database/BaseConnection.php(382): CodeIgniter\Database\MySQLi\Connection->connect(false)
#2 /Users/muiz_eddy/Documents/Mini_Project/login/vendor/codeigniter4/framework/system/Database/BaseConnection.php(588): CodeIgniter\Database\BaseConnection->initialize()
#3 /Users/muiz_eddy/Documents/Mini_Project/login/vendor/codeigniter4/framework/system/Database/BaseBuilder.php(1585): CodeIgniter\Database\BaseConnection->query('SELECT 1\nFROM `...', Array, false)
#4 /Users/muiz_eddy/Documents/Mini_Project/login/vendor/codeigniter4/framework/system/Validation/Rules.php(142): CodeIgniter\Database\BaseBuilder->get()
#5 /Users/muiz_eddy/Documents/Mini_Project/login/vendor/codeigniter4/framework/system/Validation/Validation.php(308): CodeIgniter\Validation\Rules->is_unique('muiz.eddy26@gma...', 'email', Array, NULL)
#6 /Users/muiz_eddy/Documents/Mini_Project/login/vendor/codeigniter4/framework/system/Validation/Validation.php(175): CodeIgniter\Validation\Validation->processRules('email', 'email', 'muiz.eddy26@gma...', Array, Array)
#7 /Users/muiz_eddy/Documents/Mini_Project/login/vendor/codeigniter4/framework/system/Controller.php(140): CodeIgniter\Validation\Validation->run()
#8 /Users/muiz_eddy/Documents/Mini_Project/login/app/Controllers/Reg.php(22): CodeIgniter\Controller->validate(Array)
#9 /Users/muiz_eddy/Documents/Mini_Project/login/vendor/codeigniter4/framework/system/CodeIgniter.php(904): App\Controllers\Reg->index()
#10 /Users/muiz_eddy/Documents/Mini_Project/login/vendor/codeigniter4/framework/system/CodeIgniter.php(457): CodeIgniter\CodeIgniter->runController(Object(App\Controllers\Reg))
#11 /Users/muiz_eddy/Documents/Mini_Project/login/vendor/codeigniter4/framework/system/CodeIgniter.php(340): CodeIgniter\CodeIgniter->handleRequest(NULL, Object(Config\Cache), false)
#12 /Users/muiz_eddy/Documents/Mini_Project/login/public/index.php(67): CodeIgniter\CodeIgniter->run()
#13 {main}

Next CodeIgniter\Database\Exceptions\DatabaseException: Connection refused in /Users/muiz_eddy/Documents/Mini_Project/login/vendor/codeigniter4/framework/system/Database/MySQLi/Connection.php:215
Stack trace:
#0 /Users/muiz_eddy/Documents/Mini_Project/login/vendor/codeigniter4/framework/system/Database/BaseConnection.php(382): CodeIgniter\Database\MySQLi\Connection->connect(false)
#1 /Users/muiz_eddy/Documents/Mini_Project/login/vendor/codeigniter4/framework/system/Database/BaseConnection.php(588): CodeIgniter\Database\BaseConnection->initialize()
#2 /Users/muiz_eddy/Documents/Mini_Project/login/vendor/codeigniter4/framework/system/Database/BaseBuilder.php(1585): CodeIgniter\Database\BaseConnection->query('SELECT 1\nFROM `...', Array, false)
#3 /Users/muiz_eddy/Documents/Mini_Project/login/vendor/codeigniter4/framework/system/Validation/Rules.php(142): CodeIgniter\Database\BaseBuilder->get()
#4 /Users/muiz_eddy/Documents/Mini_Project/login/vendor/codeigniter4/framework/system/Validation/Validation.php(308): CodeIgniter\Validation\Rules->is_unique('muiz.eddy26@gma...', 'email', Array, NULL)
#5 /Users/muiz_eddy/Documents/Mini_Project/login/vendor/codeigniter4/framework/system/Validation/Validation.php(175): CodeIgniter\Validation\Validation->processRules('email', 'email', 'muiz.eddy26@gma...', Array, Array)
#6 /Users/muiz_eddy/Documents/Mini_Project/login/vendor/codeigniter4/framework/system/Controller.php(140): CodeIgniter\Validation\Validation->run()
#7 /Users/muiz_eddy/Documents/Mini_Project/login/app/Controllers/Reg.php(22): CodeIgniter\Controller->validate(Array)
#8 /Users/muiz_eddy/Documents/Mini_Project/login/vendor/codeigniter4/framework/system/CodeIgniter.php(904): App\Controllers\Reg->index()
#9 /Users/muiz_eddy/Documents/Mini_Project/login/vendor/codeigniter4/framework/system/CodeIgniter.php(457): CodeIgniter\CodeIgniter->runController(Object(App\Controllers\Reg))
#10 /Users/muiz_eddy/Documents/Mini_Project/login/vendor/codeigniter4/framework/system/CodeIgniter.php(340): CodeIgniter\CodeIgniter->handleRequest(NULL, Object(Config\Cache), false)
#11 /Users/muiz_eddy/Documents/Mini_Project/login/public/index.php(67): CodeIgniter\CodeIgniter->run()
#12 {main}
CRITICAL - 2022-10-09 01:46:15 --> Unable to connect to the database.
Main connection [MySQLi]: Connection refused
in SYSTEMPATH/Database/BaseConnection.php on line 418.
 1 SYSTEMPATH/Database/BaseConnection.php(588): CodeIgniter\Database\BaseConnection->initialize()
 2 SYSTEMPATH/Database/BaseBuilder.php(1585): CodeIgniter\Database\BaseConnection->query('SELECT 1
FROM `users`
WHERE `email` = :email:
 LIMIT 1', [...], false)
 3 SYSTEMPATH/Validation/Rules.php(142): CodeIgniter\Database\BaseBuilder->get()
 4 SYSTEMPATH/Validation/Validation.php(308): CodeIgniter\Validation\Rules->is_unique('muiz.eddy26@gmail.com', 'email', [...], null)
 5 SYSTEMPATH/Validation/Validation.php(175): CodeIgniter\Validation\Validation->processRules('email', 'email', 'muiz.eddy26@gmail.com', [...], [...])
 6 SYSTEMPATH/Controller.php(140): CodeIgniter\Validation\Validation->run()
 7 APPPATH/Controllers/Reg.php(22): CodeIgniter\Controller->validate([...])
 8 SYSTEMPATH/CodeIgniter.php(904): App\Controllers\Reg->index()
 9 SYSTEMPATH/CodeIgniter.php(457): CodeIgniter\CodeIgniter->runController(Object(App\Controllers\Reg))
10 SYSTEMPATH/CodeIgniter.php(340): CodeIgniter\CodeIgniter->handleRequest(null, Object(Config\Cache), false)
11 FCPATH/index.php(67): CodeIgniter\CodeIgniter->run()
ERROR - 2022-10-09 02:04:17 --> Error connecting to the database: mysqli_sql_exception: Access denied for user 'root'@'localhost' (using password: NO) in /Users/muiz_eddy/Documents/Mini_Project/login/vendor/codeigniter4/framework/system/Database/MySQLi/Connection.php:171
Stack trace:
#0 /Users/muiz_eddy/Documents/Mini_Project/login/vendor/codeigniter4/framework/system/Database/MySQLi/Connection.php(171): mysqli->real_connect('localhost', 'root', '', 'login', 8888, '', 0)
#1 /Users/muiz_eddy/Documents/Mini_Project/login/vendor/codeigniter4/framework/system/Database/BaseConnection.php(382): CodeIgniter\Database\MySQLi\Connection->connect(false)
#2 /Users/muiz_eddy/Documents/Mini_Project/login/vendor/codeigniter4/framework/system/Database/BaseConnection.php(588): CodeIgniter\Database\BaseConnection->initialize()
#3 /Users/muiz_eddy/Documents/Mini_Project/login/vendor/codeigniter4/framework/system/Database/BaseBuilder.php(1585): CodeIgniter\Database\BaseConnection->query('SELECT 1\nFROM `...', Array, false)
#4 /Users/muiz_eddy/Documents/Mini_Project/login/vendor/codeigniter4/framework/system/Validation/Rules.php(142): CodeIgniter\Database\BaseBuilder->get()
#5 /Users/muiz_eddy/Documents/Mini_Project/login/vendor/codeigniter4/framework/system/Validation/Validation.php(308): CodeIgniter\Validation\Rules->is_unique('muiz.eddy26@gma...', 'email', Array, NULL)
#6 /Users/muiz_eddy/Documents/Mini_Project/login/vendor/codeigniter4/framework/system/Validation/Validation.php(175): CodeIgniter\Validation\Validation->processRules('email', 'email', 'muiz.eddy26@gma...', Array, Array)
#7 /Users/muiz_eddy/Documents/Mini_Project/login/vendor/codeigniter4/framework/system/Controller.php(140): CodeIgniter\Validation\Validation->run()
#8 /Users/muiz_eddy/Documents/Mini_Project/login/app/Controllers/Reg.php(22): CodeIgniter\Controller->validate(Array)
#9 /Users/muiz_eddy/Documents/Mini_Project/login/vendor/codeigniter4/framework/system/CodeIgniter.php(904): App\Controllers\Reg->index()
#10 /Users/muiz_eddy/Documents/Mini_Project/login/vendor/codeigniter4/framework/system/CodeIgniter.php(457): CodeIgniter\CodeIgniter->runController(Object(App\Controllers\Reg))
#11 /Users/muiz_eddy/Documents/Mini_Project/login/vendor/codeigniter4/framework/system/CodeIgniter.php(340): CodeIgniter\CodeIgniter->handleRequest(NULL, Object(Config\Cache), false)
#12 /Users/muiz_eddy/Documents/Mini_Project/login/public/index.php(67): CodeIgniter\CodeIgniter->run()
#13 {main}

Next CodeIgniter\Database\Exceptions\DatabaseException: Access denied for user '****'@'localhost' (using password: NO) in /Users/muiz_eddy/Documents/Mini_Project/login/vendor/codeigniter4/framework/system/Database/MySQLi/Connection.php:215
Stack trace:
#0 /Users/muiz_eddy/Documents/Mini_Project/login/vendor/codeigniter4/framework/system/Database/BaseConnection.php(382): CodeIgniter\Database\MySQLi\Connection->connect(false)
#1 /Users/muiz_eddy/Documents/Mini_Project/login/vendor/codeigniter4/framework/system/Database/BaseConnection.php(588): CodeIgniter\Database\BaseConnection->initialize()
#2 /Users/muiz_eddy/Documents/Mini_Project/login/vendor/codeigniter4/framework/system/Database/BaseBuilder.php(1585): CodeIgniter\Database\BaseConnection->query('SELECT 1\nFROM `...', Array, false)
#3 /Users/muiz_eddy/Documents/Mini_Project/login/vendor/codeigniter4/framework/system/Validation/Rules.php(142): CodeIgniter\Database\BaseBuilder->get()
#4 /Users/muiz_eddy/Documents/Mini_Project/login/vendor/codeigniter4/framework/system/Validation/Validation.php(308): CodeIgniter\Validation\Rules->is_unique('muiz.eddy26@gma...', 'email', Array, NULL)
#5 /Users/muiz_eddy/Documents/Mini_Project/login/vendor/codeigniter4/framework/system/Validation/Validation.php(175): CodeIgniter\Validation\Validation->processRules('email', 'email', 'muiz.eddy26@gma...', Array, Array)
#6 /Users/muiz_eddy/Documents/Mini_Project/login/vendor/codeigniter4/framework/system/Controller.php(140): CodeIgniter\Validation\Validation->run()
#7 /Users/muiz_eddy/Documents/Mini_Project/login/app/Controllers/Reg.php(22): CodeIgniter\Controller->validate(Array)
#8 /Users/muiz_eddy/Documents/Mini_Project/login/vendor/codeigniter4/framework/system/CodeIgniter.php(904): App\Controllers\Reg->index()
#9 /Users/muiz_eddy/Documents/Mini_Project/login/vendor/codeigniter4/framework/system/CodeIgniter.php(457): CodeIgniter\CodeIgniter->runController(Object(App\Controllers\Reg))
#10 /Users/muiz_eddy/Documents/Mini_Project/login/vendor/codeigniter4/framework/system/CodeIgniter.php(340): CodeIgniter\CodeIgniter->handleRequest(NULL, Object(Config\Cache), false)
#11 /Users/muiz_eddy/Documents/Mini_Project/login/public/index.php(67): CodeIgniter\CodeIgniter->run()
#12 {main}
CRITICAL - 2022-10-09 02:04:17 --> Unable to connect to the database.
Main connection [MySQLi]: Access denied for user '****'@'localhost' (using password: NO)
in SYSTEMPATH/Database/BaseConnection.php on line 418.
 1 SYSTEMPATH/Database/BaseConnection.php(588): CodeIgniter\Database\BaseConnection->initialize()
 2 SYSTEMPATH/Database/BaseBuilder.php(1585): CodeIgniter\Database\BaseConnection->query('SELECT 1
FROM `users`
WHERE `email` = :email:
 LIMIT 1', [...], false)
 3 SYSTEMPATH/Validation/Rules.php(142): CodeIgniter\Database\BaseBuilder->get()
 4 SYSTEMPATH/Validation/Validation.php(308): CodeIgniter\Validation\Rules->is_unique('muiz.eddy26@gmail.com', 'email', [...], null)
 5 SYSTEMPATH/Validation/Validation.php(175): CodeIgniter\Validation\Validation->processRules('email', 'email', 'muiz.eddy26@gmail.com', [...], [...])
 6 SYSTEMPATH/Controller.php(140): CodeIgniter\Validation\Validation->run()
 7 APPPATH/Controllers/Reg.php(22): CodeIgniter\Controller->validate([...])
 8 SYSTEMPATH/CodeIgniter.php(904): App\Controllers\Reg->index()
 9 SYSTEMPATH/CodeIgniter.php(457): CodeIgniter\CodeIgniter->runController(Object(App\Controllers\Reg))
10 SYSTEMPATH/CodeIgniter.php(340): CodeIgniter\CodeIgniter->handleRequest(null, Object(Config\Cache), false)
11 FCPATH/index.php(67): CodeIgniter\CodeIgniter->run()
ERROR - 2022-10-09 02:04:20 --> Error connecting to the database: mysqli_sql_exception: Access denied for user 'root'@'localhost' (using password: NO) in /Users/muiz_eddy/Documents/Mini_Project/login/vendor/codeigniter4/framework/system/Database/MySQLi/Connection.php:171
Stack trace:
#0 /Users/muiz_eddy/Documents/Mini_Project/login/vendor/codeigniter4/framework/system/Database/MySQLi/Connection.php(171): mysqli->real_connect('localhost', 'root', '', 'login', 8888, '', 0)
#1 /Users/muiz_eddy/Documents/Mini_Project/login/vendor/codeigniter4/framework/system/Database/BaseConnection.php(382): CodeIgniter\Database\MySQLi\Connection->connect(false)
#2 /Users/muiz_eddy/Documents/Mini_Project/login/vendor/codeigniter4/framework/system/Database/BaseConnection.php(588): CodeIgniter\Database\BaseConnection->initialize()
#3 /Users/muiz_eddy/Documents/Mini_Project/login/vendor/codeigniter4/framework/system/Database/BaseBuilder.php(1585): CodeIgniter\Database\BaseConnection->query('SELECT 1\nFROM `...', Array, false)
#4 /Users/muiz_eddy/Documents/Mini_Project/login/vendor/codeigniter4/framework/system/Validation/Rules.php(142): CodeIgniter\Database\BaseBuilder->get()
#5 /Users/muiz_eddy/Documents/Mini_Project/login/vendor/codeigniter4/framework/system/Validation/Validation.php(308): CodeIgniter\Validation\Rules->is_unique('muiz.eddy26@gma...', 'email', Array, NULL)
#6 /Users/muiz_eddy/Documents/Mini_Project/login/vendor/codeigniter4/framework/system/Validation/Validation.php(175): CodeIgniter\Validation\Validation->processRules('email', 'email', 'muiz.eddy26@gma...', Array, Array)
#7 /Users/muiz_eddy/Documents/Mini_Project/login/vendor/codeigniter4/framework/system/Controller.php(140): CodeIgniter\Validation\Validation->run()
#8 /Users/muiz_eddy/Documents/Mini_Project/login/app/Controllers/Reg.php(22): CodeIgniter\Controller->validate(Array)
#9 /Users/muiz_eddy/Documents/Mini_Project/login/vendor/codeigniter4/framework/system/CodeIgniter.php(904): App\Controllers\Reg->index()
#10 /Users/muiz_eddy/Documents/Mini_Project/login/vendor/codeigniter4/framework/system/CodeIgniter.php(457): CodeIgniter\CodeIgniter->runController(Object(App\Controllers\Reg))
#11 /Users/muiz_eddy/Documents/Mini_Project/login/vendor/codeigniter4/framework/system/CodeIgniter.php(340): CodeIgniter\CodeIgniter->handleRequest(NULL, Object(Config\Cache), false)
#12 /Users/muiz_eddy/Documents/Mini_Project/login/public/index.php(67): CodeIgniter\CodeIgniter->run()
#13 {main}

Next CodeIgniter\Database\Exceptions\DatabaseException: Access denied for user '****'@'localhost' (using password: NO) in /Users/muiz_eddy/Documents/Mini_Project/login/vendor/codeigniter4/framework/system/Database/MySQLi/Connection.php:215
Stack trace:
#0 /Users/muiz_eddy/Documents/Mini_Project/login/vendor/codeigniter4/framework/system/Database/BaseConnection.php(382): CodeIgniter\Database\MySQLi\Connection->connect(false)
#1 /Users/muiz_eddy/Documents/Mini_Project/login/vendor/codeigniter4/framework/system/Database/BaseConnection.php(588): CodeIgniter\Database\BaseConnection->initialize()
#2 /Users/muiz_eddy/Documents/Mini_Project/login/vendor/codeigniter4/framework/system/Database/BaseBuilder.php(1585): CodeIgniter\Database\BaseConnection->query('SELECT 1\nFROM `...', Array, false)
#3 /Users/muiz_eddy/Documents/Mini_Project/login/vendor/codeigniter4/framework/system/Validation/Rules.php(142): CodeIgniter\Database\BaseBuilder->get()
#4 /Users/muiz_eddy/Documents/Mini_Project/login/vendor/codeigniter4/framework/system/Validation/Validation.php(308): CodeIgniter\Validation\Rules->is_unique('muiz.eddy26@gma...', 'email', Array, NULL)
#5 /Users/muiz_eddy/Documents/Mini_Project/login/vendor/codeigniter4/framework/system/Validation/Validation.php(175): CodeIgniter\Validation\Validation->processRules('email', 'email', 'muiz.eddy26@gma...', Array, Array)
#6 /Users/muiz_eddy/Documents/Mini_Project/login/vendor/codeigniter4/framework/system/Controller.php(140): CodeIgniter\Validation\Validation->run()
#7 /Users/muiz_eddy/Documents/Mini_Project/login/app/Controllers/Reg.php(22): CodeIgniter\Controller->validate(Array)
#8 /Users/muiz_eddy/Documents/Mini_Project/login/vendor/codeigniter4/framework/system/CodeIgniter.php(904): App\Controllers\Reg->index()
#9 /Users/muiz_eddy/Documents/Mini_Project/login/vendor/codeigniter4/framework/system/CodeIgniter.php(457): CodeIgniter\CodeIgniter->runController(Object(App\Controllers\Reg))
#10 /Users/muiz_eddy/Documents/Mini_Project/login/vendor/codeigniter4/framework/system/CodeIgniter.php(340): CodeIgniter\CodeIgniter->handleRequest(NULL, Object(Config\Cache), false)
#11 /Users/muiz_eddy/Documents/Mini_Project/login/public/index.php(67): CodeIgniter\CodeIgniter->run()
#12 {main}
CRITICAL - 2022-10-09 02:04:20 --> Unable to connect to the database.
Main connection [MySQLi]: Access denied for user '****'@'localhost' (using password: NO)
in SYSTEMPATH/Database/BaseConnection.php on line 418.
 1 SYSTEMPATH/Database/BaseConnection.php(588): CodeIgniter\Database\BaseConnection->initialize()
 2 SYSTEMPATH/Database/BaseBuilder.php(1585): CodeIgniter\Database\BaseConnection->query('SELECT 1
FROM `users`
WHERE `email` = :email:
 LIMIT 1', [...], false)
 3 SYSTEMPATH/Validation/Rules.php(142): CodeIgniter\Database\BaseBuilder->get()
 4 SYSTEMPATH/Validation/Validation.php(308): CodeIgniter\Validation\Rules->is_unique('muiz.eddy26@gmail.com', 'email', [...], null)
 5 SYSTEMPATH/Validation/Validation.php(175): CodeIgniter\Validation\Validation->processRules('email', 'email', 'muiz.eddy26@gmail.com', [...], [...])
 6 SYSTEMPATH/Controller.php(140): CodeIgniter\Validation\Validation->run()
 7 APPPATH/Controllers/Reg.php(22): CodeIgniter\Controller->validate([...])
 8 SYSTEMPATH/CodeIgniter.php(904): App\Controllers\Reg->index()
 9 SYSTEMPATH/CodeIgniter.php(457): CodeIgniter\CodeIgniter->runController(Object(App\Controllers\Reg))
10 SYSTEMPATH/CodeIgniter.php(340): CodeIgniter\CodeIgniter->handleRequest(null, Object(Config\Cache), false)
11 FCPATH/index.php(67): CodeIgniter\CodeIgniter->run()
ERROR - 2022-10-09 02:06:02 --> Error connecting to the database: mysqli_sql_exception: Access denied for user 'root'@'localhost' (using password: NO) in /Users/muiz_eddy/Documents/Mini_Project/login/vendor/codeigniter4/framework/system/Database/MySQLi/Connection.php:171
Stack trace:
#0 /Users/muiz_eddy/Documents/Mini_Project/login/vendor/codeigniter4/framework/system/Database/MySQLi/Connection.php(171): mysqli->real_connect('localhost', 'root', '', 'login', 8889, '', 0)
#1 /Users/muiz_eddy/Documents/Mini_Project/login/vendor/codeigniter4/framework/system/Database/BaseConnection.php(382): CodeIgniter\Database\MySQLi\Connection->connect(false)
#2 /Users/muiz_eddy/Documents/Mini_Project/login/vendor/codeigniter4/framework/system/Database/BaseConnection.php(588): CodeIgniter\Database\BaseConnection->initialize()
#3 /Users/muiz_eddy/Documents/Mini_Project/login/vendor/codeigniter4/framework/system/Database/BaseBuilder.php(1585): CodeIgniter\Database\BaseConnection->query('SELECT 1\nFROM `...', Array, false)
#4 /Users/muiz_eddy/Documents/Mini_Project/login/vendor/codeigniter4/framework/system/Validation/Rules.php(142): CodeIgniter\Database\BaseBuilder->get()
#5 /Users/muiz_eddy/Documents/Mini_Project/login/vendor/codeigniter4/framework/system/Validation/Validation.php(308): CodeIgniter\Validation\Rules->is_unique('muiz.eddy26@gma...', 'email', Array, NULL)
#6 /Users/muiz_eddy/Documents/Mini_Project/login/vendor/codeigniter4/framework/system/Validation/Validation.php(175): CodeIgniter\Validation\Validation->processRules('email', 'email', 'muiz.eddy26@gma...', Array, Array)
#7 /Users/muiz_eddy/Documents/Mini_Project/login/vendor/codeigniter4/framework/system/Controller.php(140): CodeIgniter\Validation\Validation->run()
#8 /Users/muiz_eddy/Documents/Mini_Project/login/app/Controllers/Reg.php(22): CodeIgniter\Controller->validate(Array)
#9 /Users/muiz_eddy/Documents/Mini_Project/login/vendor/codeigniter4/framework/system/CodeIgniter.php(904): App\Controllers\Reg->index()
#10 /Users/muiz_eddy/Documents/Mini_Project/login/vendor/codeigniter4/framework/system/CodeIgniter.php(457): CodeIgniter\CodeIgniter->runController(Object(App\Controllers\Reg))
#11 /Users/muiz_eddy/Documents/Mini_Project/login/vendor/codeigniter4/framework/system/CodeIgniter.php(340): CodeIgniter\CodeIgniter->handleRequest(NULL, Object(Config\Cache), false)
#12 /Users/muiz_eddy/Documents/Mini_Project/login/public/index.php(67): CodeIgniter\CodeIgniter->run()
#13 {main}

Next CodeIgniter\Database\Exceptions\DatabaseException: Access denied for user '****'@'localhost' (using password: NO) in /Users/muiz_eddy/Documents/Mini_Project/login/vendor/codeigniter4/framework/system/Database/MySQLi/Connection.php:215
Stack trace:
#0 /Users/muiz_eddy/Documents/Mini_Project/login/vendor/codeigniter4/framework/system/Database/BaseConnection.php(382): CodeIgniter\Database\MySQLi\Connection->connect(false)
#1 /Users/muiz_eddy/Documents/Mini_Project/login/vendor/codeigniter4/framework/system/Database/BaseConnection.php(588): CodeIgniter\Database\BaseConnection->initialize()
#2 /Users/muiz_eddy/Documents/Mini_Project/login/vendor/codeigniter4/framework/system/Database/BaseBuilder.php(1585): CodeIgniter\Database\BaseConnection->query('SELECT 1\nFROM `...', Array, false)
#3 /Users/muiz_eddy/Documents/Mini_Project/login/vendor/codeigniter4/framework/system/Validation/Rules.php(142): CodeIgniter\Database\BaseBuilder->get()
#4 /Users/muiz_eddy/Documents/Mini_Project/login/vendor/codeigniter4/framework/system/Validation/Validation.php(308): CodeIgniter\Validation\Rules->is_unique('muiz.eddy26@gma...', 'email', Array, NULL)
#5 /Users/muiz_eddy/Documents/Mini_Project/login/vendor/codeigniter4/framework/system/Validation/Validation.php(175): CodeIgniter\Validation\Validation->processRules('email', 'email', 'muiz.eddy26@gma...', Array, Array)
#6 /Users/muiz_eddy/Documents/Mini_Project/login/vendor/codeigniter4/framework/system/Controller.php(140): CodeIgniter\Validation\Validation->run()
#7 /Users/muiz_eddy/Documents/Mini_Project/login/app/Controllers/Reg.php(22): CodeIgniter\Controller->validate(Array)
#8 /Users/muiz_eddy/Documents/Mini_Project/login/vendor/codeigniter4/framework/system/CodeIgniter.php(904): App\Controllers\Reg->index()
#9 /Users/muiz_eddy/Documents/Mini_Project/login/vendor/codeigniter4/framework/system/CodeIgniter.php(457): CodeIgniter\CodeIgniter->runController(Object(App\Controllers\Reg))
#10 /Users/muiz_eddy/Documents/Mini_Project/login/vendor/codeigniter4/framework/system/CodeIgniter.php(340): CodeIgniter\CodeIgniter->handleRequest(NULL, Object(Config\Cache), false)
#11 /Users/muiz_eddy/Documents/Mini_Project/login/public/index.php(67): CodeIgniter\CodeIgniter->run()
#12 {main}
CRITICAL - 2022-10-09 02:06:02 --> Unable to connect to the database.
Main connection [MySQLi]: Access denied for user '****'@'localhost' (using password: NO)
in SYSTEMPATH/Database/BaseConnection.php on line 418.
 1 SYSTEMPATH/Database/BaseConnection.php(588): CodeIgniter\Database\BaseConnection->initialize()
 2 SYSTEMPATH/Database/BaseBuilder.php(1585): CodeIgniter\Database\BaseConnection->query('SELECT 1
FROM `users`
WHERE `email` = :email:
 LIMIT 1', [...], false)
 3 SYSTEMPATH/Validation/Rules.php(142): CodeIgniter\Database\BaseBuilder->get()
 4 SYSTEMPATH/Validation/Validation.php(308): CodeIgniter\Validation\Rules->is_unique('muiz.eddy26@gmail.com', 'email', [...], null)
 5 SYSTEMPATH/Validation/Validation.php(175): CodeIgniter\Validation\Validation->processRules('email', 'email', 'muiz.eddy26@gmail.com', [...], [...])
 6 SYSTEMPATH/Controller.php(140): CodeIgniter\Validation\Validation->run()
 7 APPPATH/Controllers/Reg.php(22): CodeIgniter\Controller->validate([...])
 8 SYSTEMPATH/CodeIgniter.php(904): App\Controllers\Reg->index()
 9 SYSTEMPATH/CodeIgniter.php(457): CodeIgniter\CodeIgniter->runController(Object(App\Controllers\Reg))
10 SYSTEMPATH/CodeIgniter.php(340): CodeIgniter\CodeIgniter->handleRequest(null, Object(Config\Cache), false)
11 FCPATH/index.php(67): CodeIgniter\CodeIgniter->run()
ERROR - 2022-10-09 02:06:18 --> Error connecting to the database: mysqli_sql_exception: Access denied for user 'root'@'localhost' (using password: NO) in /Users/muiz_eddy/Documents/Mini_Project/login/vendor/codeigniter4/framework/system/Database/MySQLi/Connection.php:171
Stack trace:
#0 /Users/muiz_eddy/Documents/Mini_Project/login/vendor/codeigniter4/framework/system/Database/MySQLi/Connection.php(171): mysqli->real_connect('localhost', 'root', '', 'login', 8889, '', 0)
#1 /Users/muiz_eddy/Documents/Mini_Project/login/vendor/codeigniter4/framework/system/Database/BaseConnection.php(382): CodeIgniter\Database\MySQLi\Connection->connect(false)
#2 /Users/muiz_eddy/Documents/Mini_Project/login/vendor/codeigniter4/framework/system/Database/BaseConnection.php(588): CodeIgniter\Database\BaseConnection->initialize()
#3 /Users/muiz_eddy/Documents/Mini_Project/login/vendor/codeigniter4/framework/system/Database/BaseBuilder.php(1585): CodeIgniter\Database\BaseConnection->query('SELECT 1\nFROM `...', Array, false)
#4 /Users/muiz_eddy/Documents/Mini_Project/login/vendor/codeigniter4/framework/system/Validation/Rules.php(142): CodeIgniter\Database\BaseBuilder->get()
#5 /Users/muiz_eddy/Documents/Mini_Project/login/vendor/codeigniter4/framework/system/Validation/Validation.php(308): CodeIgniter\Validation\Rules->is_unique('muiz.eddy26@gma...', 'email', Array, NULL)
#6 /Users/muiz_eddy/Documents/Mini_Project/login/vendor/codeigniter4/framework/system/Validation/Validation.php(175): CodeIgniter\Validation\Validation->processRules('email', 'email', 'muiz.eddy26@gma...', Array, Array)
#7 /Users/muiz_eddy/Documents/Mini_Project/login/vendor/codeigniter4/framework/system/Controller.php(140): CodeIgniter\Validation\Validation->run()
#8 /Users/muiz_eddy/Documents/Mini_Project/login/app/Controllers/Reg.php(22): CodeIgniter\Controller->validate(Array)
#9 /Users/muiz_eddy/Documents/Mini_Project/login/vendor/codeigniter4/framework/system/CodeIgniter.php(904): App\Controllers\Reg->index()
#10 /Users/muiz_eddy/Documents/Mini_Project/login/vendor/codeigniter4/framework/system/CodeIgniter.php(457): CodeIgniter\CodeIgniter->runController(Object(App\Controllers\Reg))
#11 /Users/muiz_eddy/Documents/Mini_Project/login/vendor/codeigniter4/framework/system/CodeIgniter.php(340): CodeIgniter\CodeIgniter->handleRequest(NULL, Object(Config\Cache), false)
#12 /Users/muiz_eddy/Documents/Mini_Project/login/public/index.php(67): CodeIgniter\CodeIgniter->run()
#13 {main}

Next CodeIgniter\Database\Exceptions\DatabaseException: Access denied for user '****'@'localhost' (using password: NO) in /Users/muiz_eddy/Documents/Mini_Project/login/vendor/codeigniter4/framework/system/Database/MySQLi/Connection.php:215
Stack trace:
#0 /Users/muiz_eddy/Documents/Mini_Project/login/vendor/codeigniter4/framework/system/Database/BaseConnection.php(382): CodeIgniter\Database\MySQLi\Connection->connect(false)
#1 /Users/muiz_eddy/Documents/Mini_Project/login/vendor/codeigniter4/framework/system/Database/BaseConnection.php(588): CodeIgniter\Database\BaseConnection->initialize()
#2 /Users/muiz_eddy/Documents/Mini_Project/login/vendor/codeigniter4/framework/system/Database/BaseBuilder.php(1585): CodeIgniter\Database\BaseConnection->query('SELECT 1\nFROM `...', Array, false)
#3 /Users/muiz_eddy/Documents/Mini_Project/login/vendor/codeigniter4/framework/system/Validation/Rules.php(142): CodeIgniter\Database\BaseBuilder->get()
#4 /Users/muiz_eddy/Documents/Mini_Project/login/vendor/codeigniter4/framework/system/Validation/Validation.php(308): CodeIgniter\Validation\Rules->is_unique('muiz.eddy26@gma...', 'email', Array, NULL)
#5 /Users/muiz_eddy/Documents/Mini_Project/login/vendor/codeigniter4/framework/system/Validation/Validation.php(175): CodeIgniter\Validation\Validation->processRules('email', 'email', 'muiz.eddy26@gma...', Array, Array)
#6 /Users/muiz_eddy/Documents/Mini_Project/login/vendor/codeigniter4/framework/system/Controller.php(140): CodeIgniter\Validation\Validation->run()
#7 /Users/muiz_eddy/Documents/Mini_Project/login/app/Controllers/Reg.php(22): CodeIgniter\Controller->validate(Array)
#8 /Users/muiz_eddy/Documents/Mini_Project/login/vendor/codeigniter4/framework/system/CodeIgniter.php(904): App\Controllers\Reg->index()
#9 /Users/muiz_eddy/Documents/Mini_Project/login/vendor/codeigniter4/framework/system/CodeIgniter.php(457): CodeIgniter\CodeIgniter->runController(Object(App\Controllers\Reg))
#10 /Users/muiz_eddy/Documents/Mini_Project/login/vendor/codeigniter4/framework/system/CodeIgniter.php(340): CodeIgniter\CodeIgniter->handleRequest(NULL, Object(Config\Cache), false)
#11 /Users/muiz_eddy/Documents/Mini_Project/login/public/index.php(67): CodeIgniter\CodeIgniter->run()
#12 {main}
CRITICAL - 2022-10-09 02:06:18 --> Unable to connect to the database.
Main connection [MySQLi]: Access denied for user '****'@'localhost' (using password: NO)
in SYSTEMPATH/Database/BaseConnection.php on line 418.
 1 SYSTEMPATH/Database/BaseConnection.php(588): CodeIgniter\Database\BaseConnection->initialize()
 2 SYSTEMPATH/Database/BaseBuilder.php(1585): CodeIgniter\Database\BaseConnection->query('SELECT 1
FROM `users`
WHERE `email` = :email:
 LIMIT 1', [...], false)
 3 SYSTEMPATH/Validation/Rules.php(142): CodeIgniter\Database\BaseBuilder->get()
 4 SYSTEMPATH/Validation/Validation.php(308): CodeIgniter\Validation\Rules->is_unique('muiz.eddy26@gmail.com', 'email', [...], null)
 5 SYSTEMPATH/Validation/Validation.php(175): CodeIgniter\Validation\Validation->processRules('email', 'email', 'muiz.eddy26@gmail.com', [...], [...])
 6 SYSTEMPATH/Controller.php(140): CodeIgniter\Validation\Validation->run()
 7 APPPATH/Controllers/Reg.php(22): CodeIgniter\Controller->validate([...])
 8 SYSTEMPATH/CodeIgniter.php(904): App\Controllers\Reg->index()
 9 SYSTEMPATH/CodeIgniter.php(457): CodeIgniter\CodeIgniter->runController(Object(App\Controllers\Reg))
10 SYSTEMPATH/CodeIgniter.php(340): CodeIgniter\CodeIgniter->handleRequest(null, Object(Config\Cache), false)
11 FCPATH/index.php(67): CodeIgniter\CodeIgniter->run()
ERROR - 2022-10-09 02:12:06 --> Error connecting to the database: mysqli_sql_exception: Access denied for user 'root'@'localhost' (using password: NO) in /Users/muiz_eddy/Documents/Mini_Project/login/vendor/codeigniter4/framework/system/Database/MySQLi/Connection.php:171
Stack trace:
#0 /Users/muiz_eddy/Documents/Mini_Project/login/vendor/codeigniter4/framework/system/Database/MySQLi/Connection.php(171): mysqli->real_connect('localhost', 'root', '', 'login', 3306, '', 0)
#1 /Users/muiz_eddy/Documents/Mini_Project/login/vendor/codeigniter4/framework/system/Database/BaseConnection.php(382): CodeIgniter\Database\MySQLi\Connection->connect(false)
#2 /Users/muiz_eddy/Documents/Mini_Project/login/vendor/codeigniter4/framework/system/Database/BaseConnection.php(588): CodeIgniter\Database\BaseConnection->initialize()
#3 /Users/muiz_eddy/Documents/Mini_Project/login/vendor/codeigniter4/framework/system/Database/BaseBuilder.php(1585): CodeIgniter\Database\BaseConnection->query('SELECT 1\nFROM `...', Array, false)
#4 /Users/muiz_eddy/Documents/Mini_Project/login/vendor/codeigniter4/framework/system/Validation/Rules.php(142): CodeIgniter\Database\BaseBuilder->get()
#5 /Users/muiz_eddy/Documents/Mini_Project/login/vendor/codeigniter4/framework/system/Validation/Validation.php(308): CodeIgniter\Validation\Rules->is_unique('muiz.eddy26@gma...', 'email', Array, NULL)
#6 /Users/muiz_eddy/Documents/Mini_Project/login/vendor/codeigniter4/framework/system/Validation/Validation.php(175): CodeIgniter\Validation\Validation->processRules('email', 'email', 'muiz.eddy26@gma...', Array, Array)
#7 /Users/muiz_eddy/Documents/Mini_Project/login/vendor/codeigniter4/framework/system/Controller.php(140): CodeIgniter\Validation\Validation->run()
#8 /Users/muiz_eddy/Documents/Mini_Project/login/app/Controllers/Reg.php(22): CodeIgniter\Controller->validate(Array)
#9 /Users/muiz_eddy/Documents/Mini_Project/login/vendor/codeigniter4/framework/system/CodeIgniter.php(904): App\Controllers\Reg->index()
#10 /Users/muiz_eddy/Documents/Mini_Project/login/vendor/codeigniter4/framework/system/CodeIgniter.php(457): CodeIgniter\CodeIgniter->runController(Object(App\Controllers\Reg))
#11 /Users/muiz_eddy/Documents/Mini_Project/login/vendor/codeigniter4/framework/system/CodeIgniter.php(340): CodeIgniter\CodeIgniter->handleRequest(NULL, Object(Config\Cache), false)
#12 /Users/muiz_eddy/Documents/Mini_Project/login/public/index.php(67): CodeIgniter\CodeIgniter->run()
#13 {main}

Next CodeIgniter\Database\Exceptions\DatabaseException: Access denied for user '****'@'localhost' (using password: NO) in /Users/muiz_eddy/Documents/Mini_Project/login/vendor/codeigniter4/framework/system/Database/MySQLi/Connection.php:215
Stack trace:
#0 /Users/muiz_eddy/Documents/Mini_Project/login/vendor/codeigniter4/framework/system/Database/BaseConnection.php(382): CodeIgniter\Database\MySQLi\Connection->connect(false)
#1 /Users/muiz_eddy/Documents/Mini_Project/login/vendor/codeigniter4/framework/system/Database/BaseConnection.php(588): CodeIgniter\Database\BaseConnection->initialize()
#2 /Users/muiz_eddy/Documents/Mini_Project/login/vendor/codeigniter4/framework/system/Database/BaseBuilder.php(1585): CodeIgniter\Database\BaseConnection->query('SELECT 1\nFROM `...', Array, false)
#3 /Users/muiz_eddy/Documents/Mini_Project/login/vendor/codeigniter4/framework/system/Validation/Rules.php(142): CodeIgniter\Database\BaseBuilder->get()
#4 /Users/muiz_eddy/Documents/Mini_Project/login/vendor/codeigniter4/framework/system/Validation/Validation.php(308): CodeIgniter\Validation\Rules->is_unique('muiz.eddy26@gma...', 'email', Array, NULL)
#5 /Users/muiz_eddy/Documents/Mini_Project/login/vendor/codeigniter4/framework/system/Validation/Validation.php(175): CodeIgniter\Validation\Validation->processRules('email', 'email', 'muiz.eddy26@gma...', Array, Array)
#6 /Users/muiz_eddy/Documents/Mini_Project/login/vendor/codeigniter4/framework/system/Controller.php(140): CodeIgniter\Validation\Validation->run()
#7 /Users/muiz_eddy/Documents/Mini_Project/login/app/Controllers/Reg.php(22): CodeIgniter\Controller->validate(Array)
#8 /Users/muiz_eddy/Documents/Mini_Project/login/vendor/codeigniter4/framework/system/CodeIgniter.php(904): App\Controllers\Reg->index()
#9 /Users/muiz_eddy/Documents/Mini_Project/login/vendor/codeigniter4/framework/system/CodeIgniter.php(457): CodeIgniter\CodeIgniter->runController(Object(App\Controllers\Reg))
#10 /Users/muiz_eddy/Documents/Mini_Project/login/vendor/codeigniter4/framework/system/CodeIgniter.php(340): CodeIgniter\CodeIgniter->handleRequest(NULL, Object(Config\Cache), false)
#11 /Users/muiz_eddy/Documents/Mini_Project/login/public/index.php(67): CodeIgniter\CodeIgniter->run()
#12 {main}
CRITICAL - 2022-10-09 02:12:06 --> Unable to connect to the database.
Main connection [MySQLi]: Access denied for user '****'@'localhost' (using password: NO)
in SYSTEMPATH/Database/BaseConnection.php on line 418.
 1 SYSTEMPATH/Database/BaseConnection.php(588): CodeIgniter\Database\BaseConnection->initialize()
 2 SYSTEMPATH/Database/BaseBuilder.php(1585): CodeIgniter\Database\BaseConnection->query('SELECT 1
FROM `users`
WHERE `email` = :email:
 LIMIT 1', [...], false)
 3 SYSTEMPATH/Validation/Rules.php(142): CodeIgniter\Database\BaseBuilder->get()
 4 SYSTEMPATH/Validation/Validation.php(308): CodeIgniter\Validation\Rules->is_unique('muiz.eddy26@gmail.com', 'email', [...], null)
 5 SYSTEMPATH/Validation/Validation.php(175): CodeIgniter\Validation\Validation->processRules('email', 'email', 'muiz.eddy26@gmail.com', [...], [...])
 6 SYSTEMPATH/Controller.php(140): CodeIgniter\Validation\Validation->run()
 7 APPPATH/Controllers/Reg.php(22): CodeIgniter\Controller->validate([...])
 8 SYSTEMPATH/CodeIgniter.php(904): App\Controllers\Reg->index()
 9 SYSTEMPATH/CodeIgniter.php(457): CodeIgniter\CodeIgniter->runController(Object(App\Controllers\Reg))
10 SYSTEMPATH/CodeIgniter.php(340): CodeIgniter\CodeIgniter->handleRequest(null, Object(Config\Cache), false)
11 FCPATH/index.php(67): CodeIgniter\CodeIgniter->run()
