CRITICAL - 2022-08-23 01:52:52 --> Invalid file: Home/login.php
in SYSTEMPATH\Exceptions\FrameworkException.php on line 33.
 1 SYSTEMPATH\View\View.php(201): CodeIgniter\Exceptions\FrameworkException::forInvalidFile('Home/login.php')
 2 SYSTEMPATH\Common.php(1137): CodeIgniter\View\View->render('Home/login.php', [], true)
 3 APPPATH\Controllers\Users.php(11): view('Home/login.php')
 4 SYSTEMPATH\CodeIgniter.php(904): App\Controllers\Users->index()
 5 SYSTEMPATH\CodeIgniter.php(457): CodeIgniter\CodeIgniter->runController(Object(App\Controllers\Users))
 6 SYSTEMPATH\CodeIgniter.php(340): CodeIgniter\CodeIgniter->handleRequest(null, Object(Config\Cache), false)
 7 FCPATH\index.php(67): CodeIgniter\CodeIgniter->run()
CRITICAL - 2022-08-23 01:53:18 --> Call to undefined function set_value()
in APPPATH\Views\login\login.php on line 14.
 1 SYSTEMPATH\View\View.php(213): include()
 2 SYSTEMPATH\View\View.php(216): CodeIgniter\View\View->CodeIgniter\View\{closure}()
 3 SYSTEMPATH\Common.php(1137): CodeIgniter\View\View->render('login/login.php', [], true)
 4 APPPATH\Controllers\Users.php(11): view('login/login.php')
 5 SYSTEMPATH\CodeIgniter.php(904): App\Controllers\Users->index()
 6 SYSTEMPATH\CodeIgniter.php(457): CodeIgniter\CodeIgniter->runController(Object(App\Controllers\Users))
 7 SYSTEMPATH\CodeIgniter.php(340): CodeIgniter\CodeIgniter->handleRequest(null, Object(Config\Cache), false)
 8 FCPATH\index.php(67): CodeIgniter\CodeIgniter->run()
CRITICAL - 2022-08-23 05:52:56 --> Cannot access offset of type string on string
in SYSTEMPATH\BaseModel.php on line 738.
 1 SYSTEMPATH\Model.php(666): CodeIgniter\BaseModel->insert([...], false)
 2 SYSTEMPATH\BaseModel.php(658): CodeIgniter\Model->insert([...], false)
 3 APPPATH\Controllers\Reg.php(41): CodeIgniter\BaseModel->save([...])
 4 SYSTEMPATH\CodeIgniter.php(904): App\Controllers\Reg->index()
 5 SYSTEMPATH\CodeIgniter.php(457): CodeIgniter\CodeIgniter->runController(Object(App\Controllers\Reg))
 6 SYSTEMPATH\CodeIgniter.php(340): CodeIgniter\CodeIgniter->handleRequest(null, Object(Config\Cache), false)
 7 FCPATH\index.php(67): CodeIgniter\CodeIgniter->run()
CRITICAL - 2022-08-23 05:54:50 --> Cannot access offset of type string on string
in SYSTEMPATH\BaseModel.php on line 738.
 1 SYSTEMPATH\Model.php(666): CodeIgniter\BaseModel->insert([...], false)
 2 SYSTEMPATH\BaseModel.php(658): CodeIgniter\Model->insert([...], false)
 3 APPPATH\Controllers\Reg.php(41): CodeIgniter\BaseModel->save([...])
 4 SYSTEMPATH\CodeIgniter.php(904): App\Controllers\Reg->index()
 5 SYSTEMPATH\CodeIgniter.php(457): CodeIgniter\CodeIgniter->runController(Object(App\Controllers\Reg))
 6 SYSTEMPATH\CodeIgniter.php(340): CodeIgniter\CodeIgniter->handleRequest(null, Object(Config\Cache), false)
 7 FCPATH\index.php(67): CodeIgniter\CodeIgniter->run()
CRITICAL - 2022-08-23 05:55:00 --> Cannot access offset of type string on string
in SYSTEMPATH\BaseModel.php on line 738.
 1 SYSTEMPATH\Model.php(666): CodeIgniter\BaseModel->insert([...], false)
 2 SYSTEMPATH\BaseModel.php(658): CodeIgniter\Model->insert([...], false)
 3 APPPATH\Controllers\Reg.php(41): CodeIgniter\BaseModel->save([...])
 4 SYSTEMPATH\CodeIgniter.php(904): App\Controllers\Reg->index()
 5 SYSTEMPATH\CodeIgniter.php(457): CodeIgniter\CodeIgniter->runController(Object(App\Controllers\Reg))
 6 SYSTEMPATH\CodeIgniter.php(340): CodeIgniter\CodeIgniter->handleRequest(null, Object(Config\Cache), false)
 7 FCPATH\index.php(67): CodeIgniter\CodeIgniter->run()
CRITICAL - 2022-08-23 05:56:14 --> Cannot access offset of type string on string
in SYSTEMPATH\BaseModel.php on line 738.
 1 SYSTEMPATH\Model.php(666): CodeIgniter\BaseModel->insert([...], false)
 2 SYSTEMPATH\BaseModel.php(658): CodeIgniter\Model->insert([...], false)
 3 APPPATH\Controllers\Reg.php(41): CodeIgniter\BaseModel->save([...])
 4 SYSTEMPATH\CodeIgniter.php(904): App\Controllers\Reg->index()
 5 SYSTEMPATH\CodeIgniter.php(457): CodeIgniter\CodeIgniter->runController(Object(App\Controllers\Reg))
 6 SYSTEMPATH\CodeIgniter.php(340): CodeIgniter\CodeIgniter->handleRequest(null, Object(Config\Cache), false)
 7 FCPATH\index.php(67): CodeIgniter\CodeIgniter->run()
CRITICAL - 2022-08-23 05:56:52 --> Cannot access offset of type string on string
in SYSTEMPATH\BaseModel.php on line 738.
 1 SYSTEMPATH\Model.php(666): CodeIgniter\BaseModel->insert([...], false)
 2 SYSTEMPATH\BaseModel.php(658): CodeIgniter\Model->insert([...], false)
 3 APPPATH\Controllers\Reg.php(41): CodeIgniter\BaseModel->save([...])
 4 SYSTEMPATH\CodeIgniter.php(904): App\Controllers\Reg->index()
 5 SYSTEMPATH\CodeIgniter.php(457): CodeIgniter\CodeIgniter->runController(Object(App\Controllers\Reg))
 6 SYSTEMPATH\CodeIgniter.php(340): CodeIgniter\CodeIgniter->handleRequest(null, Object(Config\Cache), false)
 7 FCPATH\index.php(67): CodeIgniter\CodeIgniter->run()
CRITICAL - 2022-08-23 05:56:59 --> Cannot access offset of type string on string
in SYSTEMPATH\BaseModel.php on line 738.
 1 SYSTEMPATH\Model.php(666): CodeIgniter\BaseModel->insert([...], false)
 2 SYSTEMPATH\BaseModel.php(658): CodeIgniter\Model->insert([...], false)
 3 APPPATH\Controllers\Reg.php(41): CodeIgniter\BaseModel->save([...])
 4 SYSTEMPATH\CodeIgniter.php(904): App\Controllers\Reg->index()
 5 SYSTEMPATH\CodeIgniter.php(457): CodeIgniter\CodeIgniter->runController(Object(App\Controllers\Reg))
 6 SYSTEMPATH\CodeIgniter.php(340): CodeIgniter\CodeIgniter->handleRequest(null, Object(Config\Cache), false)
 7 FCPATH\index.php(67): CodeIgniter\CodeIgniter->run()
CRITICAL - 2022-08-23 05:59:49 --> Undefined array key "password"
in APPPATH\Models\UserModel.php on line 17.
 1 APPPATH\Models\UserModel.php(17): CodeIgniter\Debug\Exceptions->errorHandler(2, 'Undefined array key "password"', 'APPPATH\\Models\\UserModel.php', 17)
 2 SYSTEMPATH\BaseModel.php(1459): App\Models\UserModel->beforeInsert([...])
 3 SYSTEMPATH\BaseModel.php(735): CodeIgniter\BaseModel->trigger('beforeInsert', [...])
 4 SYSTEMPATH\Model.php(666): CodeIgniter\BaseModel->insert([...], false)
 5 SYSTEMPATH\BaseModel.php(658): CodeIgniter\Model->insert([...], false)
 6 APPPATH\Controllers\Reg.php(41): CodeIgniter\BaseModel->save([...])
 7 SYSTEMPATH\CodeIgniter.php(904): App\Controllers\Reg->index()
 8 SYSTEMPATH\CodeIgniter.php(457): CodeIgniter\CodeIgniter->runController(Object(App\Controllers\Reg))
 9 SYSTEMPATH\CodeIgniter.php(340): CodeIgniter\CodeIgniter->handleRequest(null, Object(Config\Cache), false)
10 FCPATH\index.php(67): CodeIgniter\CodeIgniter->run()
CRITICAL - 2022-08-23 08:18:41 --> Class "Config\Login_Rules" not found
in SYSTEMPATH\Validation\Validation.php on line 550.
 1 SYSTEMPATH\Validation\Validation.php(122): CodeIgniter\Validation\Validation->loadRuleSets()
 2 SYSTEMPATH\Controller.php(140): CodeIgniter\Validation\Validation->run()
 3 APPPATH\Controllers\Reg.php(22): CodeIgniter\Controller->validate([...])
 4 SYSTEMPATH\CodeIgniter.php(904): App\Controllers\Reg->index()
 5 SYSTEMPATH\CodeIgniter.php(457): CodeIgniter\CodeIgniter->runController(Object(App\Controllers\Reg))
 6 SYSTEMPATH\CodeIgniter.php(340): CodeIgniter\CodeIgniter->handleRequest(null, Object(Config\Cache), false)
 7 FCPATH\index.php(67): CodeIgniter\CodeIgniter->run()
CRITICAL - 2022-08-23 08:19:08 --> Class "Config\App\Login_Rules" not found
in SYSTEMPATH\Validation\Validation.php on line 550.
 1 SYSTEMPATH\Validation\Validation.php(122): CodeIgniter\Validation\Validation->loadRuleSets()
 2 SYSTEMPATH\Controller.php(140): CodeIgniter\Validation\Validation->run()
 3 APPPATH\Controllers\Reg.php(22): CodeIgniter\Controller->validate([...])
 4 SYSTEMPATH\CodeIgniter.php(904): App\Controllers\Reg->index()
 5 SYSTEMPATH\CodeIgniter.php(457): CodeIgniter\CodeIgniter->runController(Object(App\Controllers\Reg))
 6 SYSTEMPATH\CodeIgniter.php(340): CodeIgniter\CodeIgniter->handleRequest(null, Object(Config\Cache), false)
 7 FCPATH\index.php(67): CodeIgniter\CodeIgniter->run()
CRITICAL - 2022-08-23 16:17:45 --> strpos(): Argument #3 ($offset) must be contained in argument #1 ($haystack)
in SYSTEMPATH\Validation\Validation.php on line 763.
 1 SYSTEMPATH\Validation\Validation.php(763): strpos('required|min_length[8]|[validateUser[email,password]', '|', 53)
 2 SYSTEMPATH\Validation\Validation.php(145): CodeIgniter\Validation\Validation->splitRules([...])
 3 SYSTEMPATH\Controller.php(140): CodeIgniter\Validation\Validation->run()
 4 APPPATH\Controllers\Users.php(25): CodeIgniter\Controller->validate([...])
 5 SYSTEMPATH\CodeIgniter.php(904): App\Controllers\Users->index()
 6 SYSTEMPATH\CodeIgniter.php(457): CodeIgniter\CodeIgniter->runController(Object(App\Controllers\Users))
 7 SYSTEMPATH\CodeIgniter.php(340): CodeIgniter\CodeIgniter->handleRequest(null, Object(Config\Cache), false)
 8 FCPATH\index.php(67): CodeIgniter\CodeIgniter->run()
CRITICAL - 2022-08-23 16:22:17 --> strpos(): Argument #3 ($offset) must be contained in argument #1 ($haystack)
in SYSTEMPATH\Validation\Validation.php on line 763.
 1 SYSTEMPATH\Validation\Validation.php(763): strpos('required|min_length[8]|[validateUser[email,password]', '|', 53)
 2 SYSTEMPATH\Validation\Validation.php(145): CodeIgniter\Validation\Validation->splitRules([...])
 3 SYSTEMPATH\Controller.php(140): CodeIgniter\Validation\Validation->run()
 4 APPPATH\Controllers\Users.php(25): CodeIgniter\Controller->validate([...], [...])
 5 SYSTEMPATH\CodeIgniter.php(904): App\Controllers\Users->index()
 6 SYSTEMPATH\CodeIgniter.php(457): CodeIgniter\CodeIgniter->runController(Object(App\Controllers\Users))
 7 SYSTEMPATH\CodeIgniter.php(340): CodeIgniter\CodeIgniter->handleRequest(null, Object(Config\Cache), false)
 8 FCPATH\index.php(67): CodeIgniter\CodeIgniter->run()
CRITICAL - 2022-08-23 16:25:25 --> strpos(): Argument #3 ($offset) must be contained in argument #1 ($haystack)
in SYSTEMPATH\Validation\Validation.php on line 763.
 1 SYSTEMPATH\Validation\Validation.php(763): strpos('required|min_length[8]|[validateUser[email,password]', '|', 53)
 2 SYSTEMPATH\Validation\Validation.php(145): CodeIgniter\Validation\Validation->splitRules([...])
 3 SYSTEMPATH\Controller.php(140): CodeIgniter\Validation\Validation->run()
 4 APPPATH\Controllers\Users.php(25): CodeIgniter\Controller->validate([...], [...])
 5 SYSTEMPATH\CodeIgniter.php(904): App\Controllers\Users->index()
 6 SYSTEMPATH\CodeIgniter.php(457): CodeIgniter\CodeIgniter->runController(Object(App\Controllers\Users))
 7 SYSTEMPATH\CodeIgniter.php(340): CodeIgniter\CodeIgniter->handleRequest(null, Object(Config\Cache), false)
 8 FCPATH\index.php(67): CodeIgniter\CodeIgniter->run()
CRITICAL - 2022-08-23 16:29:38 --> strpos(): Argument #3 ($offset) must be contained in argument #1 ($haystack)
in SYSTEMPATH\Validation\Validation.php on line 763.
 1 SYSTEMPATH\Validation\Validation.php(763): strpos('required|min_length[8]|[validateUser[email,password]', '|', 53)
 2 SYSTEMPATH\Validation\Validation.php(145): CodeIgniter\Validation\Validation->splitRules([...])
 3 SYSTEMPATH\Controller.php(140): CodeIgniter\Validation\Validation->run()
 4 APPPATH\Controllers\Users.php(25): CodeIgniter\Controller->validate([...], [...])
 5 SYSTEMPATH\CodeIgniter.php(904): App\Controllers\Users->index()
 6 SYSTEMPATH\CodeIgniter.php(457): CodeIgniter\CodeIgniter->runController(Object(App\Controllers\Users))
 7 SYSTEMPATH\CodeIgniter.php(340): CodeIgniter\CodeIgniter->handleRequest(null, Object(Config\Cache), false)
 8 FCPATH\index.php(67): CodeIgniter\CodeIgniter->run()
CRITICAL - 2022-08-23 16:31:21 --> strpos(): Argument #3 ($offset) must be contained in argument #1 ($haystack)
in SYSTEMPATH\Validation\Validation.php on line 763.
 1 SYSTEMPATH\Validation\Validation.php(763): strpos('required|min_length[8]|[validateUser[email,password]', '|', 53)
 2 SYSTEMPATH\Validation\Validation.php(145): CodeIgniter\Validation\Validation->splitRules([...])
 3 SYSTEMPATH\Controller.php(140): CodeIgniter\Validation\Validation->run()
 4 APPPATH\Controllers\Users.php(25): CodeIgniter\Controller->validate([...], [...])
 5 SYSTEMPATH\CodeIgniter.php(904): App\Controllers\Users->index()
 6 SYSTEMPATH\CodeIgniter.php(457): CodeIgniter\CodeIgniter->runController(Object(App\Controllers\Users))
 7 SYSTEMPATH\CodeIgniter.php(340): CodeIgniter\CodeIgniter->handleRequest(null, Object(Config\Cache), false)
 8 FCPATH\index.php(67): CodeIgniter\CodeIgniter->run()
CRITICAL - 2022-08-23 16:33:08 --> strpos(): Argument #3 ($offset) must be contained in argument #1 ($haystack)
in SYSTEMPATH\Validation\Validation.php on line 763.
 1 SYSTEMPATH\Validation\Validation.php(763): strpos('required|min_length[8]|[validateUser[email,password]', '|', 53)
 2 SYSTEMPATH\Validation\Validation.php(145): CodeIgniter\Validation\Validation->splitRules([...])
 3 SYSTEMPATH\Controller.php(140): CodeIgniter\Validation\Validation->run()
 4 APPPATH\Controllers\Users.php(25): CodeIgniter\Controller->validate([...], [...])
 5 SYSTEMPATH\CodeIgniter.php(904): App\Controllers\Users->index()
 6 SYSTEMPATH\CodeIgniter.php(457): CodeIgniter\CodeIgniter->runController(Object(App\Controllers\Users))
 7 SYSTEMPATH\CodeIgniter.php(340): CodeIgniter\CodeIgniter->handleRequest(null, Object(Config\Cache), false)
 8 FCPATH\index.php(67): CodeIgniter\CodeIgniter->run()
CRITICAL - 2022-08-23 16:33:55 --> strpos(): Argument #3 ($offset) must be contained in argument #1 ($haystack)
in SYSTEMPATH\Validation\Validation.php on line 763.
 1 SYSTEMPATH\Validation\Validation.php(763): strpos('required|min_length[8]|[validateUser[email,password]', '|', 53)
 2 SYSTEMPATH\Validation\Validation.php(145): CodeIgniter\Validation\Validation->splitRules([...])
 3 SYSTEMPATH\Controller.php(140): CodeIgniter\Validation\Validation->run()
 4 APPPATH\Controllers\Users.php(25): CodeIgniter\Controller->validate([...], [...])
 5 SYSTEMPATH\CodeIgniter.php(904): App\Controllers\Users->index()
 6 SYSTEMPATH\CodeIgniter.php(457): CodeIgniter\CodeIgniter->runController(Object(App\Controllers\Users))
 7 SYSTEMPATH\CodeIgniter.php(340): CodeIgniter\CodeIgniter->handleRequest(null, Object(Config\Cache), false)
 8 FCPATH\index.php(67): CodeIgniter\CodeIgniter->run()
CRITICAL - 2022-08-23 16:33:58 --> strpos(): Argument #3 ($offset) must be contained in argument #1 ($haystack)
in SYSTEMPATH\Validation\Validation.php on line 763.
 1 SYSTEMPATH\Validation\Validation.php(763): strpos('required|min_length[8]|[validateUser[email,password]', '|', 53)
 2 SYSTEMPATH\Validation\Validation.php(145): CodeIgniter\Validation\Validation->splitRules([...])
 3 SYSTEMPATH\Controller.php(140): CodeIgniter\Validation\Validation->run()
 4 APPPATH\Controllers\Users.php(25): CodeIgniter\Controller->validate([...], [...])
 5 SYSTEMPATH\CodeIgniter.php(904): App\Controllers\Users->index()
 6 SYSTEMPATH\CodeIgniter.php(457): CodeIgniter\CodeIgniter->runController(Object(App\Controllers\Users))
 7 SYSTEMPATH\CodeIgniter.php(340): CodeIgniter\CodeIgniter->handleRequest(null, Object(Config\Cache), false)
 8 FCPATH\index.php(67): CodeIgniter\CodeIgniter->run()
CRITICAL - 2022-08-23 16:37:25 --> strpos(): Argument #3 ($offset) must be contained in argument #1 ($haystack)
in SYSTEMPATH\Validation\Validation.php on line 763.
 1 SYSTEMPATH\Validation\Validation.php(763): strpos('required|min_length[8]|[validateUser[email,password]', '|', 53)
 2 SYSTEMPATH\Validation\Validation.php(145): CodeIgniter\Validation\Validation->splitRules([...])
 3 SYSTEMPATH\Controller.php(140): CodeIgniter\Validation\Validation->run()
 4 APPPATH\Controllers\Users.php(25): CodeIgniter\Controller->validate([...], [...])
 5 SYSTEMPATH\CodeIgniter.php(904): App\Controllers\Users->index()
 6 SYSTEMPATH\CodeIgniter.php(457): CodeIgniter\CodeIgniter->runController(Object(App\Controllers\Users))
 7 SYSTEMPATH\CodeIgniter.php(340): CodeIgniter\CodeIgniter->handleRequest(null, Object(Config\Cache), false)
 8 FCPATH\index.php(67): CodeIgniter\CodeIgniter->run()
CRITICAL - 2022-08-23 16:45:48 --> strpos(): Argument #3 ($offset) must be contained in argument #1 ($haystack)
in SYSTEMPATH\Validation\Validation.php on line 763.
 1 SYSTEMPATH\Validation\Validation.php(763): strpos('required|min_length[8]|[validateUser[email,password]', '|', 53)
 2 SYSTEMPATH\Validation\Validation.php(145): CodeIgniter\Validation\Validation->splitRules([...])
 3 SYSTEMPATH\Controller.php(140): CodeIgniter\Validation\Validation->run()
 4 APPPATH\Controllers\Users.php(25): CodeIgniter\Controller->validate([...], [...])
 5 SYSTEMPATH\CodeIgniter.php(904): App\Controllers\Users->index()
 6 SYSTEMPATH\CodeIgniter.php(457): CodeIgniter\CodeIgniter->runController(Object(App\Controllers\Users))
 7 SYSTEMPATH\CodeIgniter.php(340): CodeIgniter\CodeIgniter->handleRequest(null, Object(Config\Cache), false)
 8 FCPATH\index.php(67): CodeIgniter\CodeIgniter->run()
CRITICAL - 2022-08-23 16:46:18 --> strpos(): Argument #3 ($offset) must be contained in argument #1 ($haystack)
in SYSTEMPATH\Validation\Validation.php on line 763.
 1 SYSTEMPATH\Validation\Validation.php(763): strpos('required|min_length[8]|[validateUser[email,password]', '|', 53)
 2 SYSTEMPATH\Validation\Validation.php(145): CodeIgniter\Validation\Validation->splitRules([...])
 3 SYSTEMPATH\Controller.php(140): CodeIgniter\Validation\Validation->run()
 4 APPPATH\Controllers\Users.php(25): CodeIgniter\Controller->validate([...], [...])
 5 SYSTEMPATH\CodeIgniter.php(904): App\Controllers\Users->index()
 6 SYSTEMPATH\CodeIgniter.php(457): CodeIgniter\CodeIgniter->runController(Object(App\Controllers\Users))
 7 SYSTEMPATH\CodeIgniter.php(340): CodeIgniter\CodeIgniter->handleRequest(null, Object(Config\Cache), false)
 8 FCPATH\index.php(67): CodeIgniter\CodeIgniter->run()
CRITICAL - 2022-08-23 16:47:29 --> strpos(): Argument #3 ($offset) must be contained in argument #1 ($haystack)
in SYSTEMPATH\Validation\Validation.php on line 763.
 1 SYSTEMPATH\Validation\Validation.php(763): strpos('required|min_length[8]|max_length[255]|[validateUser[email,password]', '|', 69)
 2 SYSTEMPATH\Validation\Validation.php(145): CodeIgniter\Validation\Validation->splitRules([...])
 3 SYSTEMPATH\Controller.php(140): CodeIgniter\Validation\Validation->run()
 4 APPPATH\Controllers\Users.php(25): CodeIgniter\Controller->validate([...], [...])
 5 SYSTEMPATH\CodeIgniter.php(904): App\Controllers\Users->index()
 6 SYSTEMPATH\CodeIgniter.php(457): CodeIgniter\CodeIgniter->runController(Object(App\Controllers\Users))
 7 SYSTEMPATH\CodeIgniter.php(340): CodeIgniter\CodeIgniter->handleRequest(null, Object(Config\Cache), false)
 8 FCPATH\index.php(67): CodeIgniter\CodeIgniter->run()
CRITICAL - 2022-08-23 16:55:43 --> strpos(): Argument #3 ($offset) must be contained in argument #1 ($haystack)
in SYSTEMPATH\Validation\Validation.php on line 763.
 1 SYSTEMPATH\Validation\Validation.php(763): strpos('required|min_length[8]|max_length[255]|[validateUser[email,password]', '|', 69)
 2 SYSTEMPATH\Validation\Validation.php(145): CodeIgniter\Validation\Validation->splitRules([...])
 3 SYSTEMPATH\Controller.php(140): CodeIgniter\Validation\Validation->run()
 4 APPPATH\Controllers\Users.php(25): CodeIgniter\Controller->validate([...], [...])
 5 SYSTEMPATH\CodeIgniter.php(904): App\Controllers\Users->index()
 6 SYSTEMPATH\CodeIgniter.php(457): CodeIgniter\CodeIgniter->runController(Object(App\Controllers\Users))
 7 SYSTEMPATH\CodeIgniter.php(340): CodeIgniter\CodeIgniter->handleRequest(null, Object(Config\Cache), false)
 8 FCPATH\index.php(67): CodeIgniter\CodeIgniter->run()
CRITICAL - 2022-08-23 16:56:15 --> strpos(): Argument #3 ($offset) must be contained in argument #1 ($haystack)
in SYSTEMPATH\Validation\Validation.php on line 763.
 1 SYSTEMPATH\Validation\Validation.php(763): strpos('required|min_length[8]|max_length[255]|[validateUser[email,password]', '|', 69)
 2 SYSTEMPATH\Validation\Validation.php(145): CodeIgniter\Validation\Validation->splitRules([...])
 3 SYSTEMPATH\Controller.php(140): CodeIgniter\Validation\Validation->run()
 4 APPPATH\Controllers\Users.php(25): CodeIgniter\Controller->validate([...], [...])
 5 SYSTEMPATH\CodeIgniter.php(904): App\Controllers\Users->index()
 6 SYSTEMPATH\CodeIgniter.php(457): CodeIgniter\CodeIgniter->runController(Object(App\Controllers\Users))
 7 SYSTEMPATH\CodeIgniter.php(340): CodeIgniter\CodeIgniter->handleRequest(null, Object(Config\Cache), false)
 8 FCPATH\index.php(67): CodeIgniter\CodeIgniter->run()
CRITICAL - 2022-08-23 16:56:19 --> strpos(): Argument #3 ($offset) must be contained in argument #1 ($haystack)
in SYSTEMPATH\Validation\Validation.php on line 763.
 1 SYSTEMPATH\Validation\Validation.php(763): strpos('required|min_length[8]|max_length[255]|[validateUser[email,password]', '|', 69)
 2 SYSTEMPATH\Validation\Validation.php(145): CodeIgniter\Validation\Validation->splitRules([...])
 3 SYSTEMPATH\Controller.php(140): CodeIgniter\Validation\Validation->run()
 4 APPPATH\Controllers\Users.php(25): CodeIgniter\Controller->validate([...], [...])
 5 SYSTEMPATH\CodeIgniter.php(904): App\Controllers\Users->index()
 6 SYSTEMPATH\CodeIgniter.php(457): CodeIgniter\CodeIgniter->runController(Object(App\Controllers\Users))
 7 SYSTEMPATH\CodeIgniter.php(340): CodeIgniter\CodeIgniter->handleRequest(null, Object(Config\Cache), false)
 8 FCPATH\index.php(67): CodeIgniter\CodeIgniter->run()
CRITICAL - 2022-08-23 16:56:37 --> strpos(): Argument #3 ($offset) must be contained in argument #1 ($haystack)
in SYSTEMPATH\Validation\Validation.php on line 763.
 1 SYSTEMPATH\Validation\Validation.php(763): strpos('required|min_length[8]|max_length[255]|[validateUser[email,password]', '|', 69)
 2 SYSTEMPATH\Validation\Validation.php(145): CodeIgniter\Validation\Validation->splitRules([...])
 3 SYSTEMPATH\Controller.php(140): CodeIgniter\Validation\Validation->run()
 4 APPPATH\Controllers\Users.php(25): CodeIgniter\Controller->validate([...], [...])
 5 SYSTEMPATH\CodeIgniter.php(904): App\Controllers\Users->index()
 6 SYSTEMPATH\CodeIgniter.php(457): CodeIgniter\CodeIgniter->runController(Object(App\Controllers\Users))
 7 SYSTEMPATH\CodeIgniter.php(340): CodeIgniter\CodeIgniter->handleRequest(null, Object(Config\Cache), false)
 8 FCPATH\index.php(67): CodeIgniter\CodeIgniter->run()
CRITICAL - 2022-08-23 16:57:39 --> strpos(): Argument #3 ($offset) must be contained in argument #1 ($haystack)
in SYSTEMPATH\Validation\Validation.php on line 763.
 1 SYSTEMPATH\Validation\Validation.php(763): strpos('required|[validateUser[email,password]', '|', 39)
 2 SYSTEMPATH\Validation\Validation.php(145): CodeIgniter\Validation\Validation->splitRules([...])
 3 SYSTEMPATH\Controller.php(140): CodeIgniter\Validation\Validation->run()
 4 APPPATH\Controllers\Users.php(25): CodeIgniter\Controller->validate([...], [...])
 5 SYSTEMPATH\CodeIgniter.php(904): App\Controllers\Users->index()
 6 SYSTEMPATH\CodeIgniter.php(457): CodeIgniter\CodeIgniter->runController(Object(App\Controllers\Users))
 7 SYSTEMPATH\CodeIgniter.php(340): CodeIgniter\CodeIgniter->handleRequest(null, Object(Config\Cache), false)
 8 FCPATH\index.php(67): CodeIgniter\CodeIgniter->run()
CRITICAL - 2022-08-23 16:57:43 --> strpos(): Argument #3 ($offset) must be contained in argument #1 ($haystack)
in SYSTEMPATH\Validation\Validation.php on line 763.
 1 SYSTEMPATH\Validation\Validation.php(763): strpos('required|[validateUser[email,password]', '|', 39)
 2 SYSTEMPATH\Validation\Validation.php(145): CodeIgniter\Validation\Validation->splitRules([...])
 3 SYSTEMPATH\Controller.php(140): CodeIgniter\Validation\Validation->run()
 4 APPPATH\Controllers\Users.php(25): CodeIgniter\Controller->validate([...], [...])
 5 SYSTEMPATH\CodeIgniter.php(904): App\Controllers\Users->index()
 6 SYSTEMPATH\CodeIgniter.php(457): CodeIgniter\CodeIgniter->runController(Object(App\Controllers\Users))
 7 SYSTEMPATH\CodeIgniter.php(340): CodeIgniter\CodeIgniter->handleRequest(null, Object(Config\Cache), false)
 8 FCPATH\index.php(67): CodeIgniter\CodeIgniter->run()
CRITICAL - 2022-08-23 16:59:55 --> strpos(): Argument #3 ($offset) must be contained in argument #1 ($haystack)
in SYSTEMPATH\Validation\Validation.php on line 763.
 1 SYSTEMPATH\Validation\Validation.php(763): strpos('required|min_length[8]|max_length[255]|[validateUser[email,password]', '|', 69)
 2 SYSTEMPATH\Validation\Validation.php(145): CodeIgniter\Validation\Validation->splitRules([...])
 3 SYSTEMPATH\Controller.php(140): CodeIgniter\Validation\Validation->run()
 4 APPPATH\Controllers\Users.php(25): CodeIgniter\Controller->validate([...], [...])
 5 SYSTEMPATH\CodeIgniter.php(904): App\Controllers\Users->index()
 6 SYSTEMPATH\CodeIgniter.php(457): CodeIgniter\CodeIgniter->runController(Object(App\Controllers\Users))
 7 SYSTEMPATH\CodeIgniter.php(340): CodeIgniter\CodeIgniter->handleRequest(null, Object(Config\Cache), false)
 8 FCPATH\index.php(67): CodeIgniter\CodeIgniter->run()
CRITICAL - 2022-08-23 17:12:55 --> strpos(): Argument #3 ($offset) must be contained in argument #1 ($haystack)
in SYSTEMPATH\Validation\Validation.php on line 763.
 1 SYSTEMPATH\Validation\Validation.php(763): strpos('required|min_length[8]|max_length[255]|[validateUser[email,password]', '|', 69)
 2 SYSTEMPATH\Validation\Validation.php(145): CodeIgniter\Validation\Validation->splitRules([...])
 3 SYSTEMPATH\Controller.php(140): CodeIgniter\Validation\Validation->run()
 4 APPPATH\Controllers\Users.php(25): CodeIgniter\Controller->validate([...], [...])
 5 SYSTEMPATH\CodeIgniter.php(904): App\Controllers\Users->index()
 6 SYSTEMPATH\CodeIgniter.php(457): CodeIgniter\CodeIgniter->runController(Object(App\Controllers\Users))
 7 SYSTEMPATH\CodeIgniter.php(340): CodeIgniter\CodeIgniter->handleRequest(null, Object(Config\Cache), false)
 8 FCPATH\index.php(67): CodeIgniter\CodeIgniter->run()
CRITICAL - 2022-08-23 17:16:22 --> strpos(): Argument #3 ($offset) must be contained in argument #1 ($haystack)
in SYSTEMPATH\Validation\Validation.php on line 763.
 1 SYSTEMPATH\Validation\Validation.php(763): strpos('required|min_length[8]|max_length[255]|[validateUser[email,password]', '|', 69)
 2 SYSTEMPATH\Validation\Validation.php(145): CodeIgniter\Validation\Validation->splitRules([...])
 3 SYSTEMPATH\Controller.php(140): CodeIgniter\Validation\Validation->run()
 4 APPPATH\Controllers\Users.php(25): CodeIgniter\Controller->validate([...], [...])
 5 SYSTEMPATH\CodeIgniter.php(904): App\Controllers\Users->index()
 6 SYSTEMPATH\CodeIgniter.php(457): CodeIgniter\CodeIgniter->runController(Object(App\Controllers\Users))
 7 SYSTEMPATH\CodeIgniter.php(340): CodeIgniter\CodeIgniter->handleRequest(null, Object(Config\Cache), false)
 8 FCPATH\index.php(67): CodeIgniter\CodeIgniter->run()
CRITICAL - 2022-08-23 17:16:29 --> strpos(): Argument #3 ($offset) must be contained in argument #1 ($haystack)
in SYSTEMPATH\Validation\Validation.php on line 763.
 1 SYSTEMPATH\Validation\Validation.php(763): strpos('required|min_length[8]|max_length[255]|[validateUser[email,password]', '|', 69)
 2 SYSTEMPATH\Validation\Validation.php(145): CodeIgniter\Validation\Validation->splitRules([...])
 3 SYSTEMPATH\Controller.php(140): CodeIgniter\Validation\Validation->run()
 4 APPPATH\Controllers\Users.php(25): CodeIgniter\Controller->validate([...], [...])
 5 SYSTEMPATH\CodeIgniter.php(904): App\Controllers\Users->index()
 6 SYSTEMPATH\CodeIgniter.php(457): CodeIgniter\CodeIgniter->runController(Object(App\Controllers\Users))
 7 SYSTEMPATH\CodeIgniter.php(340): CodeIgniter\CodeIgniter->handleRequest(null, Object(Config\Cache), false)
 8 FCPATH\index.php(67): CodeIgniter\CodeIgniter->run()
CRITICAL - 2022-08-23 17:16:35 --> strpos(): Argument #3 ($offset) must be contained in argument #1 ($haystack)
in SYSTEMPATH\Validation\Validation.php on line 763.
 1 SYSTEMPATH\Validation\Validation.php(763): strpos('required|min_length[8]|max_length[255]|[validateUser[email,password]', '|', 69)
 2 SYSTEMPATH\Validation\Validation.php(145): CodeIgniter\Validation\Validation->splitRules([...])
 3 SYSTEMPATH\Controller.php(140): CodeIgniter\Validation\Validation->run()
 4 APPPATH\Controllers\Users.php(25): CodeIgniter\Controller->validate([...], [...])
 5 SYSTEMPATH\CodeIgniter.php(904): App\Controllers\Users->index()
 6 SYSTEMPATH\CodeIgniter.php(457): CodeIgniter\CodeIgniter->runController(Object(App\Controllers\Users))
 7 SYSTEMPATH\CodeIgniter.php(340): CodeIgniter\CodeIgniter->handleRequest(null, Object(Config\Cache), false)
 8 FCPATH\index.php(67): CodeIgniter\CodeIgniter->run()
CRITICAL - 2022-08-23 17:24:32 --> strpos(): Argument #3 ($offset) must be contained in argument #1 ($haystack)
in SYSTEMPATH\Validation\Validation.php on line 763.
 1 SYSTEMPATH\Validation\Validation.php(763): strpos('required|min_length[8]|max_length[512]|[validateUser[email,password]', '|', 69)
 2 SYSTEMPATH\Validation\Validation.php(145): CodeIgniter\Validation\Validation->splitRules([...])
 3 SYSTEMPATH\Controller.php(140): CodeIgniter\Validation\Validation->run()
 4 APPPATH\Controllers\Users.php(25): CodeIgniter\Controller->validate([...], [...])
 5 SYSTEMPATH\CodeIgniter.php(904): App\Controllers\Users->index()
 6 SYSTEMPATH\CodeIgniter.php(457): CodeIgniter\CodeIgniter->runController(Object(App\Controllers\Users))
 7 SYSTEMPATH\CodeIgniter.php(340): CodeIgniter\CodeIgniter->handleRequest(null, Object(Config\Cache), false)
 8 FCPATH\index.php(67): CodeIgniter\CodeIgniter->run()
CRITICAL - 2022-08-23 17:24:39 --> strpos(): Argument #3 ($offset) must be contained in argument #1 ($haystack)
in SYSTEMPATH\Validation\Validation.php on line 763.
 1 SYSTEMPATH\Validation\Validation.php(763): strpos('required|min_length[8]|max_length[512]|[validateUser[email,password]', '|', 69)
 2 SYSTEMPATH\Validation\Validation.php(145): CodeIgniter\Validation\Validation->splitRules([...])
 3 SYSTEMPATH\Controller.php(140): CodeIgniter\Validation\Validation->run()
 4 APPPATH\Controllers\Users.php(25): CodeIgniter\Controller->validate([...], [...])
 5 SYSTEMPATH\CodeIgniter.php(904): App\Controllers\Users->index()
 6 SYSTEMPATH\CodeIgniter.php(457): CodeIgniter\CodeIgniter->runController(Object(App\Controllers\Users))
 7 SYSTEMPATH\CodeIgniter.php(340): CodeIgniter\CodeIgniter->handleRequest(null, Object(Config\Cache), false)
 8 FCPATH\index.php(67): CodeIgniter\CodeIgniter->run()
CRITICAL - 2022-08-23 20:11:44 --> strpos(): Argument #3 ($offset) must be contained in argument #1 ($haystack)
in SYSTEMPATH\Validation\Validation.php on line 763.
 1 SYSTEMPATH\Validation\Validation.php(763): strpos('required|[validateUser[email,password]', '|', 39)
 2 SYSTEMPATH\Validation\Validation.php(145): CodeIgniter\Validation\Validation->splitRules([...])
 3 SYSTEMPATH\Controller.php(140): CodeIgniter\Validation\Validation->run()
 4 APPPATH\Controllers\Users.php(25): CodeIgniter\Controller->validate([...], [...])
 5 SYSTEMPATH\CodeIgniter.php(904): App\Controllers\Users->index()
 6 SYSTEMPATH\CodeIgniter.php(457): CodeIgniter\CodeIgniter->runController(Object(App\Controllers\Users))
 7 SYSTEMPATH\CodeIgniter.php(340): CodeIgniter\CodeIgniter->handleRequest(null, Object(Config\Cache), false)
 8 FCPATH\index.php(67): CodeIgniter\CodeIgniter->run()
CRITICAL - 2022-08-23 20:12:02 -->  is not a valid rule.
in SYSTEMPATH\Validation\Validation.php on line 316.
 1 SYSTEMPATH\Validation\Validation.php(316): CodeIgniter\Validation\Exceptions\ValidationException::forRuleNotFound('ROOTPATH\\public')
 2 SYSTEMPATH\Validation\Validation.php(175): CodeIgniter\Validation\Validation->processRules('password', 'password', 'testestest', [...], [...])
 3 SYSTEMPATH\Controller.php(140): CodeIgniter\Validation\Validation->run()
 4 APPPATH\Controllers\Users.php(25): CodeIgniter\Controller->validate([...], [...])
 5 SYSTEMPATH\CodeIgniter.php(904): App\Controllers\Users->index()
 6 SYSTEMPATH\CodeIgniter.php(457): CodeIgniter\CodeIgniter->runController(Object(App\Controllers\Users))
 7 SYSTEMPATH\CodeIgniter.php(340): CodeIgniter\CodeIgniter->handleRequest(null, Object(Config\Cache), false)
 8 FCPATH\index.php(67): CodeIgniter\CodeIgniter->run()
CRITICAL - 2022-08-23 20:12:29 --> strpos(): Argument #3 ($offset) must be contained in argument #1 ($haystack)
in SYSTEMPATH\Validation\Validation.php on line 763.
 1 SYSTEMPATH\Validation\Validation.php(763): strpos('[validateUser[email,password]|required', '|', 39)
 2 SYSTEMPATH\Validation\Validation.php(145): CodeIgniter\Validation\Validation->splitRules([])
 3 SYSTEMPATH\Controller.php(140): CodeIgniter\Validation\Validation->run()
 4 APPPATH\Controllers\Users.php(25): CodeIgniter\Controller->validate([...], [...])
 5 SYSTEMPATH\CodeIgniter.php(904): App\Controllers\Users->index()
 6 SYSTEMPATH\CodeIgniter.php(457): CodeIgniter\CodeIgniter->runController(Object(App\Controllers\Users))
 7 SYSTEMPATH\CodeIgniter.php(340): CodeIgniter\CodeIgniter->handleRequest(null, Object(Config\Cache), false)
 8 FCPATH\index.php(67): CodeIgniter\CodeIgniter->run()
CRITICAL - 2022-08-23 20:20:20 --> strpos(): Argument #3 ($offset) must be contained in argument #1 ($haystack)
in SYSTEMPATH\Validation\Validation.php on line 763.
 1 SYSTEMPATH\Validation\Validation.php(763): strpos('required|min_length[8]|max_length[512]|[validateUser[email,password]', '|', 69)
 2 SYSTEMPATH\Validation\Validation.php(145): CodeIgniter\Validation\Validation->splitRules([...])
 3 SYSTEMPATH\Controller.php(140): CodeIgniter\Validation\Validation->run()
 4 APPPATH\Controllers\Users.php(21): CodeIgniter\Controller->validate([...])
 5 SYSTEMPATH\CodeIgniter.php(904): App\Controllers\Users->index()
 6 SYSTEMPATH\CodeIgniter.php(457): CodeIgniter\CodeIgniter->runController(Object(App\Controllers\Users))
 7 SYSTEMPATH\CodeIgniter.php(340): CodeIgniter\CodeIgniter->handleRequest(null, Object(Config\Cache), false)
 8 FCPATH\index.php(67): CodeIgniter\CodeIgniter->run()
CRITICAL - 2022-08-23 20:24:08 --> strpos(): Argument #3 ($offset) must be contained in argument #1 ($haystack)
in SYSTEMPATH\Validation\Validation.php on line 763.
 1 SYSTEMPATH\Validation\Validation.php(763): strpos('required|min_length[8]|[validateUser[email,password]', '|', 53)
 2 SYSTEMPATH\Validation\Validation.php(145): CodeIgniter\Validation\Validation->splitRules([...])
 3 SYSTEMPATH\Controller.php(140): CodeIgniter\Validation\Validation->run()
 4 APPPATH\Controllers\Users.php(25): CodeIgniter\Controller->validate([...], [...])
 5 SYSTEMPATH\CodeIgniter.php(904): App\Controllers\Users->index()
 6 SYSTEMPATH\CodeIgniter.php(457): CodeIgniter\CodeIgniter->runController(Object(App\Controllers\Users))
 7 SYSTEMPATH\CodeIgniter.php(340): CodeIgniter\CodeIgniter->handleRequest(null, Object(Config\Cache), false)
 8 FCPATH\index.php(67): CodeIgniter\CodeIgniter->run()
CRITICAL - 2022-08-23 20:26:21 --> strpos(): Argument #3 ($offset) must be contained in argument #1 ($haystack)
in SYSTEMPATH\Validation\Validation.php on line 763.
 1 SYSTEMPATH\Validation\Validation.php(763): strpos('required|min_length[8]|[validateUser[email,password]', '|', 53)
 2 SYSTEMPATH\Validation\Validation.php(145): CodeIgniter\Validation\Validation->splitRules([...])
 3 SYSTEMPATH\Controller.php(140): CodeIgniter\Validation\Validation->run()
 4 APPPATH\Controllers\Users.php(25): CodeIgniter\Controller->validate([...], [...])
 5 SYSTEMPATH\CodeIgniter.php(904): App\Controllers\Users->index()
 6 SYSTEMPATH\CodeIgniter.php(457): CodeIgniter\CodeIgniter->runController(Object(App\Controllers\Users))
 7 SYSTEMPATH\CodeIgniter.php(340): CodeIgniter\CodeIgniter->handleRequest(null, Object(Config\Cache), false)
 8 FCPATH\index.php(67): CodeIgniter\CodeIgniter->run()
CRITICAL - 2022-08-23 20:30:33 --> strpos(): Argument #3 ($offset) must be contained in argument #1 ($haystack)
in SYSTEMPATH\Validation\Validation.php on line 763.
 1 SYSTEMPATH\Validation\Validation.php(763): strpos('required|min_length[8]|[validateUser[email,password]', '|', 53)
 2 SYSTEMPATH\Validation\Validation.php(145): CodeIgniter\Validation\Validation->splitRules([...])
 3 SYSTEMPATH\Controller.php(140): CodeIgniter\Validation\Validation->run()
 4 APPPATH\Controllers\Users.php(25): CodeIgniter\Controller->validate([...], [...])
 5 SYSTEMPATH\CodeIgniter.php(904): App\Controllers\Users->index()
 6 SYSTEMPATH\CodeIgniter.php(457): CodeIgniter\CodeIgniter->runController(Object(App\Controllers\Users))
 7 SYSTEMPATH\CodeIgniter.php(340): CodeIgniter\CodeIgniter->handleRequest(null, Object(Config\Cache), false)
 8 FCPATH\index.php(67): CodeIgniter\CodeIgniter->run()
CRITICAL - 2022-08-23 20:52:49 --> strpos(): Argument #3 ($offset) must be contained in argument #1 ($haystack)
in SYSTEMPATH\Validation\Validation.php on line 763.
 1 SYSTEMPATH\Validation\Validation.php(763): strpos('required|min_length[8]|[validateUser[email,password]', '|', 53)
 2 SYSTEMPATH\Validation\Validation.php(145): CodeIgniter\Validation\Validation->splitRules([...])
 3 SYSTEMPATH\Controller.php(140): CodeIgniter\Validation\Validation->run()
 4 APPPATH\Controllers\Users.php(25): CodeIgniter\Controller->validate([...], [...])
 5 SYSTEMPATH\CodeIgniter.php(904): App\Controllers\Users->index()
 6 SYSTEMPATH\CodeIgniter.php(457): CodeIgniter\CodeIgniter->runController(Object(App\Controllers\Users))
 7 SYSTEMPATH\CodeIgniter.php(340): CodeIgniter\CodeIgniter->handleRequest(null, Object(Config\Cache), false)
 8 FCPATH\index.php(67): CodeIgniter\CodeIgniter->run()
CRITICAL - 2022-08-23 20:54:18 --> strpos(): Argument #3 ($offset) must be contained in argument #1 ($haystack)
in SYSTEMPATH\Validation\Validation.php on line 763.
 1 SYSTEMPATH\Validation\Validation.php(763): strpos('required|min_length[8]|[validateUser[email,password]', '|', 53)
 2 SYSTEMPATH\Validation\Validation.php(145): CodeIgniter\Validation\Validation->splitRules([...])
 3 SYSTEMPATH\Controller.php(140): CodeIgniter\Validation\Validation->run()
 4 APPPATH\Controllers\Users.php(25): CodeIgniter\Controller->validate([...], [...])
 5 SYSTEMPATH\CodeIgniter.php(904): App\Controllers\Users->index()
 6 SYSTEMPATH\CodeIgniter.php(457): CodeIgniter\CodeIgniter->runController(Object(App\Controllers\Users))
 7 SYSTEMPATH\CodeIgniter.php(340): CodeIgniter\CodeIgniter->handleRequest(null, Object(Config\Cache), false)
 8 FCPATH\index.php(67): CodeIgniter\CodeIgniter->run()
CRITICAL - 2022-08-23 20:54:59 --> strpos(): Argument #3 ($offset) must be contained in argument #1 ($haystack)
in SYSTEMPATH\Validation\Validation.php on line 763.
 1 SYSTEMPATH\Validation\Validation.php(763): strpos('required|min_length[8]|[validateUser[email,password]', '|', 53)
 2 SYSTEMPATH\Validation\Validation.php(145): CodeIgniter\Validation\Validation->splitRules([...])
 3 SYSTEMPATH\Controller.php(140): CodeIgniter\Validation\Validation->run()
 4 APPPATH\Controllers\Users.php(25): CodeIgniter\Controller->validate([...], [...])
 5 SYSTEMPATH\CodeIgniter.php(904): App\Controllers\Users->index()
 6 SYSTEMPATH\CodeIgniter.php(457): CodeIgniter\CodeIgniter->runController(Object(App\Controllers\Users))
 7 SYSTEMPATH\CodeIgniter.php(340): CodeIgniter\CodeIgniter->handleRequest(null, Object(Config\Cache), false)
 8 FCPATH\index.php(67): CodeIgniter\CodeIgniter->run()
CRITICAL - 2022-08-23 21:00:48 --> strpos(): Argument #3 ($offset) must be contained in argument #1 ($haystack)
in SYSTEMPATH\Validation\Validation.php on line 763.
 1 SYSTEMPATH\Validation\Validation.php(763): strpos('required|min_length[8]|[validateUser[email,password]', '|', 53)
 2 SYSTEMPATH\Validation\Validation.php(145): CodeIgniter\Validation\Validation->splitRules([...])
 3 SYSTEMPATH\Controller.php(140): CodeIgniter\Validation\Validation->run()
 4 APPPATH\Controllers\Users.php(25): CodeIgniter\Controller->validate([...], [...])
 5 SYSTEMPATH\CodeIgniter.php(904): App\Controllers\Users->index()
 6 SYSTEMPATH\CodeIgniter.php(457): CodeIgniter\CodeIgniter->runController(Object(App\Controllers\Users))
 7 SYSTEMPATH\CodeIgniter.php(340): CodeIgniter\CodeIgniter->handleRequest(null, Object(Config\Cache), false)
 8 FCPATH\index.php(67): CodeIgniter\CodeIgniter->run()
CRITICAL - 2022-08-23 21:01:09 --> strpos(): Argument #3 ($offset) must be contained in argument #1 ($haystack)
in SYSTEMPATH\Validation\Validation.php on line 763.
 1 SYSTEMPATH\Validation\Validation.php(763): strpos('required|min_length[8]|[validateUser[email,password]', '|', 53)
 2 SYSTEMPATH\Validation\Validation.php(145): CodeIgniter\Validation\Validation->splitRules([...])
 3 SYSTEMPATH\Controller.php(140): CodeIgniter\Validation\Validation->run()
 4 APPPATH\Controllers\Users.php(25): CodeIgniter\Controller->validate([...], [...])
 5 SYSTEMPATH\CodeIgniter.php(904): App\Controllers\Users->index()
 6 SYSTEMPATH\CodeIgniter.php(457): CodeIgniter\CodeIgniter->runController(Object(App\Controllers\Users))
 7 SYSTEMPATH\CodeIgniter.php(340): CodeIgniter\CodeIgniter->handleRequest(null, Object(Config\Cache), false)
 8 FCPATH\index.php(67): CodeIgniter\CodeIgniter->run()
CRITICAL - 2022-08-23 21:09:13 --> strpos(): Argument #3 ($offset) must be contained in argument #1 ($haystack)
in SYSTEMPATH\Validation\Validation.php on line 763.
 1 SYSTEMPATH\Validation\Validation.php(763): strpos('required|min_length[8]|[validateUser[email,password]', '|', 53)
 2 SYSTEMPATH\Validation\Validation.php(145): CodeIgniter\Validation\Validation->splitRules([...])
 3 SYSTEMPATH\Controller.php(140): CodeIgniter\Validation\Validation->run()
 4 APPPATH\Controllers\Users.php(25): CodeIgniter\Controller->validate([...], [...])
 5 SYSTEMPATH\CodeIgniter.php(904): App\Controllers\Users->index()
 6 SYSTEMPATH\CodeIgniter.php(457): CodeIgniter\CodeIgniter->runController(Object(App\Controllers\Users))
 7 SYSTEMPATH\CodeIgniter.php(340): CodeIgniter\CodeIgniter->handleRequest(null, Object(Config\Cache), false)
 8 FCPATH\index.php(67): CodeIgniter\CodeIgniter->run()
CRITICAL - 2022-08-23 21:15:53 --> strpos(): Argument #3 ($offset) must be contained in argument #1 ($haystack)
in SYSTEMPATH\Validation\Validation.php on line 763.
 1 SYSTEMPATH\Validation\Validation.php(763): strpos('required|min_length[8]|[validateUser[email,password]', '|', 53)
 2 SYSTEMPATH\Validation\Validation.php(145): CodeIgniter\Validation\Validation->splitRules([...])
 3 SYSTEMPATH\Controller.php(140): CodeIgniter\Validation\Validation->run()
 4 APPPATH\Controllers\Users.php(26): CodeIgniter\Controller->validate([...], [...])
 5 SYSTEMPATH\CodeIgniter.php(904): App\Controllers\Users->index()
 6 SYSTEMPATH\CodeIgniter.php(457): CodeIgniter\CodeIgniter->runController(Object(App\Controllers\Users))
 7 SYSTEMPATH\CodeIgniter.php(340): CodeIgniter\CodeIgniter->handleRequest(null, Object(Config\Cache), false)
 8 FCPATH\index.php(67): CodeIgniter\CodeIgniter->run()
CRITICAL - 2022-08-23 21:16:40 --> strpos(): Argument #3 ($offset) must be contained in argument #1 ($haystack)
in SYSTEMPATH\Validation\Validation.php on line 763.
 1 SYSTEMPATH\Validation\Validation.php(763): strpos('required|min_length[8]|[validateUser[email,password]', '|', 53)
 2 SYSTEMPATH\Validation\Validation.php(145): CodeIgniter\Validation\Validation->splitRules([...])
 3 SYSTEMPATH\Controller.php(140): CodeIgniter\Validation\Validation->run()
 4 APPPATH\Controllers\Users.php(26): CodeIgniter\Controller->validate([...], [...])
 5 SYSTEMPATH\CodeIgniter.php(904): App\Controllers\Users->index()
 6 SYSTEMPATH\CodeIgniter.php(457): CodeIgniter\CodeIgniter->runController(Object(App\Controllers\Users))
 7 SYSTEMPATH\CodeIgniter.php(340): CodeIgniter\CodeIgniter->handleRequest(null, Object(Config\Cache), false)
 8 FCPATH\index.php(67): CodeIgniter\CodeIgniter->run()
CRITICAL - 2022-08-23 21:18:00 --> strpos(): Argument #3 ($offset) must be contained in argument #1 ($haystack)
in SYSTEMPATH\Validation\Validation.php on line 763.
 1 SYSTEMPATH\Validation\Validation.php(763): strpos('required|min_length[8]|[validateUser[email,password]', '|', 53)
 2 SYSTEMPATH\Validation\Validation.php(145): CodeIgniter\Validation\Validation->splitRules([...])
 3 SYSTEMPATH\Controller.php(140): CodeIgniter\Validation\Validation->run()
 4 APPPATH\Controllers\Users.php(26): CodeIgniter\Controller->validate([...], [...])
 5 SYSTEMPATH\CodeIgniter.php(904): App\Controllers\Users->index()
 6 SYSTEMPATH\CodeIgniter.php(457): CodeIgniter\CodeIgniter->runController(Object(App\Controllers\Users))
 7 SYSTEMPATH\CodeIgniter.php(340): CodeIgniter\CodeIgniter->handleRequest(null, Object(Config\Cache), false)
 8 FCPATH\index.php(67): CodeIgniter\CodeIgniter->run()
CRITICAL - 2022-08-23 21:23:04 --> strpos(): Argument #3 ($offset) must be contained in argument #1 ($haystack)
in SYSTEMPATH\Validation\Validation.php on line 763.
 1 SYSTEMPATH\Validation\Validation.php(763): strpos('required|min_length[8]|[validateUser[email,password]', '|', 53)
 2 SYSTEMPATH\Validation\Validation.php(145): CodeIgniter\Validation\Validation->splitRules([...])
 3 SYSTEMPATH\Controller.php(140): CodeIgniter\Validation\Validation->run()
 4 APPPATH\Controllers\Users.php(26): CodeIgniter\Controller->validate([...], [...])
 5 SYSTEMPATH\CodeIgniter.php(904): App\Controllers\Users->index()
 6 SYSTEMPATH\CodeIgniter.php(457): CodeIgniter\CodeIgniter->runController(Object(App\Controllers\Users))
 7 SYSTEMPATH\CodeIgniter.php(340): CodeIgniter\CodeIgniter->handleRequest(null, Object(Config\Cache), false)
 8 FCPATH\index.php(67): CodeIgniter\CodeIgniter->run()
CRITICAL - 2022-08-23 21:23:14 --> strpos(): Argument #3 ($offset) must be contained in argument #1 ($haystack)
in SYSTEMPATH\Validation\Validation.php on line 763.
 1 SYSTEMPATH\Validation\Validation.php(763): strpos('required|min_length[8]|[validateUser[email,password]', '|', 53)
 2 SYSTEMPATH\Validation\Validation.php(145): CodeIgniter\Validation\Validation->splitRules([...])
 3 SYSTEMPATH\Controller.php(140): CodeIgniter\Validation\Validation->run()
 4 APPPATH\Controllers\Users.php(26): CodeIgniter\Controller->validate([...], [...])
 5 SYSTEMPATH\CodeIgniter.php(904): App\Controllers\Users->index()
 6 SYSTEMPATH\CodeIgniter.php(457): CodeIgniter\CodeIgniter->runController(Object(App\Controllers\Users))
 7 SYSTEMPATH\CodeIgniter.php(340): CodeIgniter\CodeIgniter->handleRequest(null, Object(Config\Cache), false)
 8 FCPATH\index.php(67): CodeIgniter\CodeIgniter->run()
CRITICAL - 2022-08-23 23:54:25 --> Undefined array key "password"
in APPPATH\Models\UserModel.php on line 23.
 1 APPPATH\Models\UserModel.php(23): CodeIgniter\Debug\Exceptions->errorHandler(2, 'Undefined array key "password"', 'APPPATH\\Models\\UserModel.php', 23)
 2 SYSTEMPATH\BaseModel.php(1459): App\Models\UserModel->beforeUpdate([...])
 3 SYSTEMPATH\BaseModel.php(859): CodeIgniter\BaseModel->trigger('beforeUpdate', [...])
 4 SYSTEMPATH\Model.php(692): CodeIgniter\BaseModel->update([...], [...])
 5 SYSTEMPATH\BaseModel.php(656): CodeIgniter\Model->update('8', [...])
 6 APPPATH\Controllers\Profile.php(20): CodeIgniter\BaseModel->save([...])
 7 SYSTEMPATH\CodeIgniter.php(904): App\Controllers\Profile->index()
 8 SYSTEMPATH\CodeIgniter.php(457): CodeIgniter\CodeIgniter->runController(Object(App\Controllers\Profile))
 9 SYSTEMPATH\CodeIgniter.php(340): CodeIgniter\CodeIgniter->handleRequest(null, Object(Config\Cache), false)
10 FCPATH\index.php(67): CodeIgniter\CodeIgniter->run()
